        1000
   313.880380245937        78.7346614071636        11.4873993618513     
   50.2216145946178        113.090537619514        25.2404268715969     
   49.8224146065676        67.7401268788454        335.839995607446     
   50.7501301444611        65.9832376075638        333.536220359550     
   50.5434420389988        113.716441424292        26.0580717723160     
   50.6824957479512        113.981372778896        26.4097632594035     
   50.7259190864218        114.062778935420        26.5184321105791     
   50.1328083379290        112.896474701995        24.9873860422659     
   50.2701869073838        66.8745020814795        334.723401526713     
   132.607450941645        73.9424977706930        16.7309037297590     
   127.959966393364        65.9996067956773        26.4566560296721     
   121.496356324568        65.6888011592706        27.9054865509189     
   120.230894472649        65.4597062540553        28.6032714669057     
   120.146238512365        65.4418018426100        28.6534743394260     
   120.475670703452        65.5076761116541        28.4631976397786     
   136.873841331303        64.2847092343636        27.4021413764212     
   137.059975634621        64.1414429488161        27.5078437757823     
   136.999221787645        64.1901877171277        27.4710976171768     
   136.099365022477        64.8149794494121        27.0384777306431     
   130.405410704208        66.0140055942309        26.4055226869885     
   133.880380285468        78.7346615975077        11.4873991599329     
   230.221614594618        113.090537619514        25.2404268715971     
   229.822414600496        67.7401268912880        335.839995623342     
   230.750130145163        65.9832376063166        333.536220357872     
   230.543442038999        113.716441424292        26.0580717723160     
   230.682495747453        113.981372777953        26.4097632581463     
   230.725919085916        114.062778934461        26.5184321093001     
   230.132808336150        112.896474698365        24.9873860375131     
   230.270186901336        66.8745020927265        334.723401541478     
   312.607450884936        73.9424975892820        16.7309039348792     
   307.959966388499        65.9996067951134        26.4566560305300     
   301.496356324568        65.6888011592705        27.9054865509191     
   300.230894472649        65.4597062540553        28.6032714669056     
   300.146238512365        65.4418018426101        28.6534743394259     
   300.475670703452        65.5076761116542        28.4631976397783     
   316.873841331303        64.2847092343636        27.4021413764213     
   317.059975634621        64.1414429488161        27.5078437757823     
   316.999221787645        64.1901877171277        27.4710976171768     
   316.099365022477        64.8149794494121        27.0384777306432     
   310.405410704207        66.0140055942310        26.4055226869884     
   309.959501553518        66.5368879410310        25.7300801306569     
   44.9940330695313        89.6581300748669        359.658152343108     
   50.8614659414736        65.7858743711480        333.270187645971     
   50.8648029263426        65.7812615679347        333.263705104695     
   50.8650530061549        65.7815457508295        333.263947800658     
   50.8655566769487        65.7815477182815        333.263777009038     
   50.8703769972788        65.7811958331672        333.261719905113     
   79.7054125399432        63.0706740288362        321.738020491273     
   82.0912738903528        62.8678990211157        320.126681101218     
   119.848592485816        65.3804016082721        28.8283027182840     
   119.831301679686        65.3767061569804        28.8386414335086     
   119.883208445943        65.3873042205208        28.8082550549659     
   119.926587477673        65.3962133131770        28.7828041378183     
   119.960720304010        65.4032557231708        28.7627433860370     
   120.127843065957        65.4376521900673        28.6647231460395     
   137.109296174918        64.1019843274647        27.5375564940635     
   137.175157056964        64.0498629343767        27.5766069004520     
   137.193231403202        64.0355568499542        27.5873289507912     
   137.180232736573        64.0459221449127        27.5795317921197     
   136.924269856127        64.2518903182987        27.4240162571916     
   129.959501550101        66.5368879525475        25.7300801156125     
   224.994033069531        89.6581300748588        359.658152343099     
   230.861465941452        65.7858743711818        333.270187646018     
   230.864802926345        65.7812615679328        333.263705104692     
   230.865053006155        65.7815457508294        333.263947800658     
   230.865556676946        65.7815477182831        333.263777009041     
   230.870376997355        65.7811958331765        333.261719905098     
   259.705412541812        63.0706740286568        321.738020490018     
   262.091273889691        62.8678990211644        320.126681101667     
   299.848592485457        65.3804016081966        28.8283027184971     
   299.831301679730        65.3767061569893        28.8386414334830     
   299.883208445943        65.3873042205207        28.8082550549660     
   299.926587477673        65.3962133131770        28.7828041378183     
   299.960720304010        65.4032557231708        28.7627433860371     
   300.127843065957        65.4376521900673        28.6647231460394     
   317.109296174918        64.1019843274647        27.5375564940634     
   317.175157056964        64.0498629343767        27.5766069004519     
   317.193231403202        64.0355568499543        27.5873289507911     
   317.180232736573        64.0459221449127        27.5795317921196     
   316.924269856127        64.2518903182987        27.4240162571915     
   317.602493637756        63.7177018585674        27.8236768530300     
   48.6848445378782        109.740738891694        21.0257075672218     
   50.8655720710235        65.7785664174930        333.260323572086     
   50.8662391588242        65.7786789808409        333.260224126770     
   50.8665355695572        65.7791084668225        333.260618969017     
   78.8850873379432        63.1525024313892        322.287525238309     
   81.1991548436100        62.9374522401301        320.730970887926     
   82.4318929247700        62.8433549229601        319.895581876030     
   83.3227137594534        62.7844773397891        319.290602660089     
   84.0840563237547        62.7402946866534        318.773352781203     
   90.5368939318174        62.5914183899169        44.6080002323926     
   90.7640804769540        62.5930675674024        44.4421141426220     
   119.639405089993        65.3378839072446        28.9506346221926     
   119.896803660883        65.3900663120880        28.8003165910910     
   119.947687885809        65.4005358284108        28.7704423555199     
   137.176386760964        64.0488363840398        27.5773960274559     
   137.208651357807        64.0233203803213        27.5965124859253     
   137.253853242472        63.9876993981358        27.6231593173592     
   137.329764989933        63.9282314977315        27.6675322143416     
   137.607703426382        63.7136943059752        27.8266473780708     
   137.602493635897        63.7177018599876        27.8236768519808     
   228.684844537879        109.740738891695        21.0257075672230     
   230.865572071021        65.7785664174946        333.260323572089     
   230.866239158825        65.7786789808424        333.260224126771     
   230.866535569557        65.7791084668224        333.260618969017     
   258.885087321555        63.1525024330837        322.287525249257     
   261.199154847026        62.9374522398493        320.730970885615     
   262.431892925875        62.8433549228823        319.895581875280     
   263.322713758532        62.7844773398460        319.290602660715     
   264.084056324743        62.7402946865997        318.773352780532     
   270.536893931971        62.5914183899178        44.6080002322804     
   270.764080476954        62.5930675674024        44.4421141426220     
   299.639405089993        65.3378839072446        28.9506346221926     
   299.896803660883        65.3900663120880        28.8003165910910     
   299.947687885809        65.4005358284108        28.7704423555199     
   317.176386760964        64.0488363840398        27.5773960274559     
   317.208651357807        64.0233203803213        27.5965124859253     
   317.253853242472        63.9876993981359        27.6231593173592     
   317.329764989933        63.9282314977315        27.6675322143416     
   317.607703426382        63.7136943059752        27.8266473780708     
   335.061719384092        51.4067699961146        36.0840659381652     
   335.036448968244        51.4400840078452        36.0642459029456     
   50.8653505429996        65.7768623322910        333.258429710320     
   50.8665742576705        65.7780438464914        333.259374257232     
   76.7968997136632        63.3868160153051        323.670015191198     
   82.3561368331029        62.8487169329553        319.946994037863     
   85.9420370216744        62.6564049860883        317.514331289429     
   94.3222390078754        62.6701412878787        312.267853634178     
   95.9319742853515        62.7472502438320        311.160321668652     
   60.4301442212298        65.3239465139381        61.0089025046557     
   60.5402660733480        65.3021480676385        60.9451398091272     
   88.6456569857940        62.6000474917031        45.9889442969537     
   90.7423551273876        62.5928849408487        44.4579779230325     
   119.654504248867        65.3409065781191        28.9418575163456     
   119.884973378281        65.3876262463754        28.8072719692949     
   137.180475254395        64.0455390986893        27.5798899181470     
   137.233916202406        64.0033732945802        27.6114471295901     
   137.323630985715        63.9330063665951        27.6639798110824     
   154.788041223960        51.7670553069697        35.8690250067853     
   154.954444862087        51.5481231456454        35.9998791070737     
   155.061719384261        51.4067699958923        36.0840659382975     
   155.036448968244        51.4400840078453        36.0642459029455     
   230.865350542994        65.7768623322872        333.258429710318     
   230.866574257672        65.7780438464928        333.259374257233     
   256.796899713663        63.3868160153051        323.670015191198     
   262.356136826506        62.8487169334247        319.946994042340     
   265.942037031973        62.6564049857176        317.514331282479     
   274.322239009695        62.6701412879509        312.267853632931     
   275.931974282911        62.7472502436949        311.160321670336     
   240.430144221281        65.3239465139279        61.0089025046260     
   240.540266073612        65.3021480675866        60.9451398089749     
   268.645656985794        62.6000474917031        45.9889442969538     
   270.742355127388        62.5928849408487        44.4579779230325     
   299.654504248867        65.3409065781191        28.9418575163456     
   299.884973378281        65.3876262463755        28.8072719692948     
   317.180475254395        64.0455390986893        27.5798899181470     
   317.233916202406        64.0033732945803        27.6114471295901     
   317.323630985715        63.9330063665951        27.6639798110825     
   334.788041223960        51.7670553069697        35.8690250067854     
   334.954444862087        51.5481231456454        35.9998791070736     
   335.308493348122        51.0809089675591        36.2772536785569     
   335.568363590978        50.7366136974074        36.4800337105753     
   352.529603409626        37.4050770970459        43.4481822293053     
   352.720406313116        37.2165175882756        43.5388824609131     
   24.4461843497848        50.7559209302973        53.5313015356079     
   42.8424343162787        64.0632520641353        62.4332277585948     
   60.1683854649253        65.3766449452211        61.1613787551100     
   60.2238497408698        65.3653847903164        61.1289774731961     
   60.2677319406839        65.3565092718276        61.1033742210523     
   60.3015825077584        65.3496885278067        61.0836508366235     
   60.3462739853122        65.3407146887698        61.0576428069585     
   60.4421962115643        65.3215669903964        61.0019351723352     
   60.8578928471751        65.2403359398310        60.7623048320255     
   90.3527574457904        62.5905044406800        44.7424458714165     
   119.707282836369        65.3515127491805        28.9111335201297     
   119.896856253084        65.3900438996189        28.8003289182122     
   137.258232482551        63.9842283872562        27.6257637172817     
   137.417932570373        63.8596336941973        27.7185730673376     
   154.997148077567        51.4918749707145        36.0334073058666     
   155.159279614139        51.2780622239607        36.1605183885547     
   155.308493348484        51.0809089670802        36.2772536788399     
   155.568363590978        50.7366136974074        36.4800337105752     
   172.529603408810        37.4050770978433        43.4481822289199     
   172.720406313505        37.2165175878872        43.5388824610992     
   204.446184349785        50.7559209302973        53.5313015356079     
   222.842434315142        64.0632520632418        62.4332277579277     
   240.168385465130        65.3766449451796        61.1613787549905     
   240.223849740923        65.3653847903056        61.1289774731650     
   240.267731940644        65.3565092718358        61.1033742210755     
   240.301582507876        65.3496885277831        61.0836508365550     
   240.346273985378        65.3407146887565        61.0576428069200     
   240.442196211564        65.3215669903963        61.0019351723351     
   240.857892847175        65.2403359398310        60.7623048320256     
   270.352757445790        62.5905044406800        44.7424458714165     
   299.707282836369        65.3515127491806        28.9111335201297     
   299.896856253084        65.3900438996190        28.8003289182121     
   317.258232482551        63.9842283872563        27.6257637172817     
   317.417932570373        63.8596336941973        27.7185730673375     
   334.997148077567        51.4918749707145        36.0334073058666     
   335.159279614139        51.2780622239607        36.1605183885547     
   317.220153645648        64.0150355788797        27.6024189353216     
   28.7868377287466        124.762384564365        33.7142984079193     
   29.8098777353478        123.660921967614        32.9986604906645     
   50.8058003214599        114.225101867479        26.7332808758915     
   50.8100599325856        114.223241576663        26.7325852044506     
   50.8105349318493        114.223215316564        26.7327180338266     
   50.8109953009921        114.223309588618        26.7329853065633     
   50.8089896364600        114.218137620486        26.7263166127479     
   49.5819353810927        68.2680543351392        336.506723892329     
   127.755716170186        66.0886015115681        26.3363392934265     
   120.163177694227        65.4460517103748        28.6425656073223     
   119.924366804150        65.3957828857031        28.7840734599736     
   119.918543090973        65.3945564951349        28.7875291652823     
   119.952891462625        65.4016355166647        28.7673504312146     
   120.081236621272        65.4280950136076        28.6919978592650     
   137.097855388879        64.1109841643535        27.5308354944138     
   137.173849395533        64.0508983537791        27.5758307822664     
   137.195139722143        64.0340388552834        27.5884695199350     
   137.221817616539        64.0129762102490        27.6042380891896     
   137.250572053495        63.9903666177146        27.6211334747078     
   137.220153645416        64.0150355790711        27.6024189351752     
   208.786837728747        124.762384564365        33.7142984079193     
   209.809877733572        123.660921969500        32.9986604919030     
   230.805800321562        114.225101867458        26.7332808759020     
   230.810059932586        114.223241576663        26.7325852044505     
   230.810534931848        114.223215316563        26.7327180338245     
   230.810995300992        114.223309588616        26.7329853065609     
   230.808989636451        114.218137620466        26.7263166127212     
   229.581935345815        68.2680544102858        336.506723987252     
   307.755716108514        66.0886015035986        26.3363393053935     
   300.163177693317        65.4460517101813        28.6425656078631     
   299.924366804150        65.3957828857030        28.7840734599736     
   299.918543090973        65.3945564951350        28.7875291652823     
   299.952891462625        65.4016355166647        28.7673504312146     
   300.081236621272        65.4280950136076        28.6919978592649     
   317.097855388879        64.1109841643535        27.5308354944138     
   317.173849395533        64.0508983537791        27.5758307822664     
   317.195139722143        64.0340388552833        27.5884695199351     
   317.221817616539        64.0129762102488        27.6042380891897     
   317.250572053495        63.9903666177146        27.6211334747078     
   334.529241286138        52.1068031221932        35.6648387869361     
   28.8982656870379        124.641156322115        33.6362868724796     
   30.3775202075856        123.063326427255        32.6039785494516     
   50.8042123330621        114.213909619672        26.7197872421691     
   50.7875670885815        114.180728792857        26.6757215408761     
   50.6883745808337        66.0954031057960        333.686465517232     
   50.8620475010509        65.7899872322071        333.274745059280     
   79.8681155759690        63.0551644333698        321.628698996391     
   119.852386842383        65.3814478146446        28.8257278471429     
   91.4880980392125        62.6021706203200        43.9133601002842     
   119.568075174086        65.3236447784800        28.9920613235437     
   119.749657334158        65.3600798658273        28.8864088505924     
   119.848393342081        65.3801514369824        28.8286921624192     
   119.912529716652        65.3932973280955        28.7910883134452     
   119.992432608706        65.4097422883646        28.7441841457521     
   137.181215850717        64.0450171236509        27.5802572402525     
   137.207869843815        64.0239378429789        27.5960500579620     
   137.252264840698        63.9889483322143        27.6222259364344     
   137.318880307038        63.9367325199390        27.6611972080895     
   137.547402264212        63.7598426984123        27.7925376313007     
   154.529241279801        52.1068031305009        35.6648387819264     
   208.898265687038        124.641156322115        33.6362868724796     
   210.377520203138        123.063326431892        32.6039785525314     
   230.804212333037        114.213909619617        26.7197872420976     
   230.787567088582        114.180728792857        26.6757215408760     
   230.688374579944        66.0954031073919        333.686465519371     
   230.862047501095        65.7899872321445        333.274745059192     
   259.868115582276        63.0551644327732        321.628698992151     
   299.852386842779        65.3814478147285        28.8257278469071     
   271.488098042700        62.6021706203779        43.9133600977371     
   299.568075174444        65.3236447785514        28.9920613233356     
   299.749657334158        65.3600798658273        28.8864088505924     
   299.848393342081        65.3801514369824        28.8286921624192     
   299.912529716652        65.3932973280955        28.7910883134452     
   299.992432608706        65.4097422883646        28.7441841457522     
   317.181215850717        64.0450171236509        27.5802572402525     
   317.207869843815        64.0239378429789        27.5960500579619     
   317.252264840698        63.9889483322143        27.6222259364344     
   317.318880307038        63.9367325199390        27.6611972080895     
   317.547402264213        63.7598426984123        27.7925376313007     
   335.158830396756        51.2786552092296        36.1601665979213     
   335.184944908116        51.2441775358476        36.1806138017462     
   28.9574636528107        124.576861910833        33.5948375900572     
   50.7977433108382        65.8969493636575        333.420395720652     
   50.8654836918961        65.7812786743616        333.263490853958     
   80.2057209095592        63.0237510624272        321.401537661004     
   83.1598817123868        62.7946629153491        319.401226632907     
   60.7065128334199        65.2695642776229        60.8491961394646     
   89.2974906280495        62.5925636892282        45.5129271057739     
   90.2366698410077        62.5901227152148        44.8272042108595     
   90.5246123857681        62.5913456528645        44.6169676474308     
   90.9481945116942        62.5948268965324        44.3076700388311     
   119.765298595639        65.3632407642153        28.8772866823539     
   119.878990973804        65.3864028956990        28.8107757665325     
   119.919745060571        65.3947648729719        28.7868740459805     
   137.204634612959        64.0264710473983        27.5941614426612     
   137.238706052729        63.9996035656112        27.6142654108574     
   137.338548858606        63.9213625645801        27.6726545820279     
   154.735038988313        51.8367074490957        35.8272759976679     
   154.958987650748        51.5421407291456        36.0034468456590     
   155.158830396993        51.2786552089165        36.1601665981071     
   155.184944908116        51.2441775358476        36.1806138017462     
   208.957463652264        124.576861911427        33.5948375904402     
   230.797743315110        65.8969493561272        333.420395710496     
   230.865483691896        65.7812786743615        333.263490853958     
   260.205720900684        63.0237510632392        321.401537666981     
   263.159881718315        62.7946629149736        319.401226628880     
   240.706512833785        65.2695642775519        60.8491961392543     
   269.297490625579        62.5925636892476        45.5129271075776     
   270.236669842185        62.5901227152179        44.8272042100002     
   270.524612386112        62.5913456528665        44.6169676471800     
   270.948194511694        62.5948268965324        44.3076700388311     
   299.765298595639        65.3632407642152        28.8772866823541     
   299.878990973804        65.3864028956990        28.8107757665324     
   299.919745060571        65.3947648729718        28.7868740459806     
   317.204634612959        64.0264710473983        27.5941614426613     
   317.238706052729        63.9996035656111        27.6142654108574     
   317.338548858606        63.9213625645801        27.6726545820279     
   334.735038988313        51.8367074490957        35.8272759976679     
   334.958987650748        51.5421407291456        36.0034468456589     
   335.340766093214        51.0382177833013        36.3024719220576     
   335.786016486514        50.4472603703475        36.6494002520671     
   352.602639220553        37.3333852337826        43.4827702199831     
   352.776111192650        37.1608170532352        43.5655642973134     
   24.7687786279595        51.1830535026597        53.7831701826984     
   60.1138234029474        65.3877726187456        61.1933030645987     
   60.2337672229913        65.3633829511194        61.1231972467525     
   60.2796322708437        65.3541190652065        61.0964510645527     
   60.3373701967724        65.3425087012983        61.0628332408257     
   60.4933187182034        65.3114305226679        60.9723164755456     
   88.9232453007403        62.5962799216482        45.7862129473241     
   90.5700129779564        62.5916229282808        44.5838181173315     
   117.728807503454        64.9827409699426        30.0328530344159     
   119.822547049389        65.3748660235041        28.8438364842613     
   119.894468366643        65.3895636433707        28.8017168271395     
   137.222048342509        64.0127127354241        27.6044655917188     
   137.272001204087        63.9734224355503        27.6338326068944     
   137.682174439432        63.6569665646158        27.8685034276267     
   154.967152917048        51.5313870878135        36.0098589482717     
   155.146548439977        51.2948666275353        36.1505475298134     
   155.340766093654        51.0382177827194        36.3024719224012     
   155.786016486514        50.4472603703475        36.6494002520670     
   172.602639220189        37.3333852341412        43.4827702198104     
   172.776111194167        37.1608170517159        43.5655642980411     
   204.768778627959        51.1830535026597        53.7831701826985     
   240.113823402238        65.3877726188903        61.1933030650138     
   240.233767223130        65.3633829510914        61.1231972466714     
   240.279632270885        65.3541190651981        61.0964510645287     
   240.337370196675        65.3425087013180        61.0628332408826     
   240.493318719094        65.3114305224916        60.9723164750299     
   268.923245305737        62.5962799215881        45.7862129436753     
   270.570012977956        62.5916229282808        44.5838181173316     
   297.728807503454        64.9827409699425        30.0328530344161     
   299.822547049389        65.3748660235041        28.8438364842612     
   299.894468366643        65.3895636433707        28.8017168271396     
   317.222048342509        64.0127127354242        27.6044655917188     
   317.272001204087        63.9734224355503        27.6338326068945     
   317.682174439432        63.6569665646158        27.8685034276268     
   334.967152917048        51.5313870878135        36.0098589482718     
   335.146548439977        51.2948666275352        36.1505475298134     
   335.550617117932        50.7601653057648        36.4662060235098     
   352.577403882405        37.3582114712623        43.4708014574230     
   352.703980704507        37.2328962519619        43.5310317494391     
   7.28328617564185        37.2201892697002        46.4628826250481     
   24.3911851421001        50.6829075881194        53.4884580483323     
   42.2567449248127        63.6106609427395        62.0973914649023     
   42.7552134813957        63.9947350528488        62.3820637821605     
   59.9946763968630        65.4121792703062        61.2630997648436     
   60.1723948616238        65.3758586024333        61.1590730884193     
   60.2600216037608        65.3580870784720        61.1078975397451     
   60.4217900560023        65.3256356344099        61.0137838481505     
   87.5472357242516        62.6234215010268        46.7914822808481     
   90.4341167057973        62.5908616007627        44.6830426862284     
   119.579541474357        65.3259158251366        28.9854237550173     
   119.861662786896        65.3828393747302        28.8209517994513     
   137.233900245547        64.0033602691766        27.6114664036182     
   137.310367073755        63.9433601586442        27.6562665566728     
   154.823262391067        51.7207486046561        35.8967492260761     
   155.120698046488        51.3289796067121        36.1302965450457     
   155.295443258114        51.0981668198371        36.2670532464493     
   155.550617118852        50.7601653045429        36.4662060242273     
   172.577403882405        37.3582114712624        43.4708014574229     
   172.703980704323        37.2328962521457        43.5310317493511     
   187.283286175790        37.2201892698485        46.4628826251191     
   204.391185142100        50.6829075881193        53.4884580483323     
   222.256744914937        63.6106609352727        62.0973914594085     
   222.755213481621        63.9947350530264        62.3820637822932     
   239.994676397581        65.4121792701592        61.2630997644233     
   240.172394861529        65.3758586024525        61.1590730884745     
   240.260021604104        65.3580870784027        61.1078975395449     
   240.421790056304        65.3256356343497        61.0137838479753     
   267.547235724252        62.6234215010268        46.7914822808481     
   270.434116705797        62.5908616007628        44.6830426862285     
   299.579541474357        65.3259158251366        28.9854237550173     
   299.861662786896        65.3828393747302        28.8209517994514     
   317.233900245547        64.0033602691765        27.6114664036183     
   317.310367073755        63.9433601586442        27.6562665566728     
   334.823262391067        51.7207486046562        35.8967492260761     
   335.120698046488        51.3289796067122        36.1302965450457     
   335.295443258114        51.0981668198371        36.2670532464493     
   27.4546483889050        126.225918528197        34.6414843621679     
   27.9762463027629        125.650751477813        34.2803072521592     
   28.5299799320588        125.042767629577        33.8940146867830     
   29.2055660943009        124.308282701498        33.4211236248083     
   30.7756025138384        122.651418054453        32.3293596271620     
   50.8116579022490        114.225396528960        26.7356259984728     
   50.8124009597846        114.225721533335        26.7362572696885     
   50.8130650403563        114.225446025029        26.7361673813989     
   50.7379807223681        66.1491262237800        333.733305075865     
   117.884993672417        65.0099476977474        29.9463425090386     
   119.237581874771        65.2587738309944        29.1828759485900     
   119.697555231562        65.3495631987299        28.9167882748636     
   119.829085207519        65.3762100513675        28.8399960489386     
   119.901898348928        65.3911113234310        28.7973290475362     
   119.968296364763        65.4047732455682        28.7583507580832     
   137.184888477734        64.0421072451470        27.5824391970966     
   137.222802269505        64.0121501731326        27.6048746420374     
   139.619014084404        62.2734544291557        28.8688869984603     
   154.962489054340        51.5375295080667        36.0061965568893     
   155.055223456306        51.4153345257280        36.0789717449362     
   207.454648389216        126.225918527854        34.6414843619539     
   207.976246302763        125.650751477813        34.2803072521591     
   208.529979930814        125.042767630938        33.8940146876534     
   209.205566096154        124.308282699498        33.4211236235113     
   210.775602513839        122.651418054453        32.3293596271621     
   230.811657902248        114.225396528960        26.7356259984721     
   230.812400959787        114.225721533336        26.7362572696904     
   230.813065040357        114.225446025027        26.7361673813972     
   230.737980721762        66.1491262230836        333.733305075222     
   297.884993641292        65.0099476922981        29.9463425263086     
   299.237581876262        65.2587738312830        29.1828759477333     
   299.697555231562        65.3495631987299        28.9167882748636     
   299.829085207519        65.3762100513674        28.8399960489386     
   299.901898348928        65.3911113234311        28.7973290475362     
   299.968296364763        65.4047732455682        28.7583507580832     
   317.184888477734        64.0421072451471        27.5824391970965     
   317.222802269505        64.0121501731326        27.6048746420374     
   319.619014084403        62.2734544291561        28.8688869984599     
   334.962489054340        51.5375295080667        36.0061965568893     
   335.055223456306        51.4153345257279        36.0789717449362     
   335.400805786979        50.9587470199416        36.3493601817354     
   352.434788860209        37.4973597935424        43.4035203957329     
   22.2954491618473        131.317170350738        37.6584356179411     
   28.6923854452260        124.865342196946        33.7804063268585     
   50.7967850492364        114.226942101945        26.7323682027620     
   50.8104589807309        114.222441045697        26.7317967417233     
   80.8289793573067        62.9685305099297        320.981177035348     
   90.2559556920437        62.5901757161880        44.8131232302229     
   90.1704064776113        62.5899722371844        44.8755842075794     
   90.4393363860274        62.5908870363755        44.6792315904298     
   90.9391715935196        62.5947318526678        44.3142589786513     
   119.286910476035        65.2683372294996        29.1545198655170     
   119.790294974764        65.3683105141213        28.8626872661319     
   119.876921307222        65.3859783204496        28.8119897329728     
   119.948718811441        65.4007142358305        28.7698809955180     
   137.205457741925        64.0258200190942        27.5946492533737     
   137.246312715284        63.9936173869442        27.6187407468189     
   137.539782416368        63.7656770624808        27.7882254861657     
   154.980090451392        51.5143463452852        36.0200171015015     
   155.119651272774        51.3303607364899        36.1294763591679     
   155.400805788303        50.9587470181892        36.3493601827685     
   172.434788860209        37.4973597935424        43.4035203957329     
   202.295449152964        131.317170361262        37.6584356238647     
   208.692385448888        124.865342192950        33.7804063242957     
   230.796785049236        114.226942101945        26.7323682027620     
   230.810458980733        114.222441045708        26.7317967417370     
   260.828979392726        62.9685305068944        320.981177011426     
   270.255955691565        62.5901757161867        44.8131232305721     
   270.170406477510        62.5899722371842        44.8755842076534     
   270.439336387435        62.5908870363824        44.6792315894019     
   270.939171593892        62.5947318526717        44.3142589783794     
   299.286910476035        65.2683372294995        29.1545198655170     
   299.790294974764        65.3683105141213        28.8626872661320     
   299.876921307222        65.3859783204496        28.8119897329728     
   299.948718811441        65.4007142358305        28.7698809955181     
   317.205457741925        64.0258200190942        27.5946492533737     
   317.246312715284        63.9936173869442        27.6187407468188     
   317.539782416368        63.7656770624808        27.7882254861657     
   334.980090451392        51.5143463452852        36.0200171015015     
   335.119651272774        51.3303607364898        36.1294763591680     
   335.655488751130        50.6209002708678        36.5478791477733     
   352.573189639102        37.3623707554912        43.4688037866866     
   352.658498857740        37.2781663616397        43.5093327795274     
   352.765782670717        37.1711888074420        43.5606095063066     
   24.6513994850594        51.0278514715918        53.6914077450722     
   59.6344860802948        65.4846495415530        61.4719567215850     
   60.2587486906747        65.3583419851651        61.1086369828773     
   60.4047083618495        65.3290410400177        61.0237000641156     
   88.7177858605228        62.5989856541590        45.9362637271680     
   90.0690686420764        62.5898368586678        44.9495722507138     
   90.4885555638997        62.5911418345830        44.6432945283262     
   91.0017759460527        62.5954100423346        44.2685419947518     
   119.737470509662        65.3576053764986        28.8935325152033     
   119.858956289447        65.3822952420157        28.8225251322652     
   119.939783093317        65.3988570355028        28.7751503388759     
   137.225916748291        64.0096646718765        27.6067454800710     
   137.285122756156        63.9631327527466        27.6415135955251     
   154.752936183738        51.8131923650776        35.8413771851368     
   155.037938437897        51.4381207115454        36.0654143178300     
   155.221065212265        51.1964712592444        36.2088835106347     
   155.655488753595        50.6209002675919        36.5478791496919     
   172.573189639102        37.3623707554912        43.4688037866866     
   172.658498857591        37.2781663617871        43.5093327794566     
   172.765782671433        37.1711888067248        43.5606095066502     
   204.651399485059        51.0278514715918        53.6914077450722     
   239.634486022776        65.4846495528208        61.4719567544950     
   240.258748690958        65.3583419851078        61.1086369827119     
   240.404708362085        65.3290410399707        61.0237000639790     
   268.717785852943        62.5989856542676        45.9362637327037     
   270.069068643671        62.5898368586691        44.9495722495495     
   270.488555564332        62.5911418345854        44.6432945280103     
   271.001775946053        62.5954100423346        44.2685419947518     
   299.737470509662        65.3576053764986        28.8935325152032     
   299.858956289447        65.3822952420157        28.8225251322653     
   299.939783093317        65.3988570355029        28.7751503388759     
   317.225916748291        64.0096646718764        27.6067454800711     
   317.285122756156        63.9631327527466        27.6415135955252     
   334.752936183738        51.8131923650776        35.8413771851369     
   335.037938437897        51.4381207115453        36.0654143178301     
   335.221065212265        51.1964712592444        36.2088835106346     
   352.114311984425        37.8025945828439        43.2546105075834     
   352.647022484668        37.2895209207383        43.5038685062835     
   352.744246570584        37.1926855000827        43.5502915712066     
   7.34656763369233        37.2831689679184        46.4930795845468     
   24.6515010629907        51.0279858838747        53.6914870949367     
   42.6703169132253        63.9282436068604        62.3324574437809     
   60.0249734336567        65.4059932695611        61.2453851095969     
   60.2092498788655        65.3683736932082        61.1375405213213     
   60.3421818288866        65.3415514702741        61.0600444346710     
   61.0772151022820        65.1985647042055        60.6369990851547     
   90.1626507698481        62.5899578272955        44.8812467635272     
   90.7310548196431        62.5927920325026        44.4662293296237     
   119.619760430872        65.3339433290953        28.9620661929628     
   119.840704298110        65.3785623366354        28.8332188897178     
   119.917697318927        65.3943120679723        28.7881172222406     
   137.248518706557        63.9918618161691        27.6200605498657     
   137.334483335136        63.9245233291573        27.6703043448535     
   154.929786998720        51.5805898738946        35.9805095756124     
   155.122266325396        51.3269103620704        36.1315253272906     
   155.346063250906        51.0312088342042        36.3066101839751     
   172.114311993252        37.8025945745668        43.2546105116414     
   172.647022484668        37.2895209207382        43.5038685062836     
   172.744246570252        37.1926855004150        43.5502915710475     
   187.346567634163        37.2831689683849        46.4930795847710     
   204.651501062991        51.0279858838747        53.6914870949368     
   222.670316912610        63.9282436063800        62.3324574434231     
   240.024973435420        65.4059932692001        61.2453851085645     
   240.209249878975        65.3683736931860        61.1375405212573     
   240.342181828664        65.3415514703187        61.0600444348003     
   241.077215117174        65.1985647013929        60.6369990766709     
   270.162650770662        62.5899578272970        44.8812467629332     
   270.731054819643        62.5927920325025        44.4662293296238     
   299.619760430872        65.3339433290954        28.9620661929628     
   299.840704298110        65.3785623366354        28.8332188897178     
   299.917697318927        65.3943120679723        28.7881172222407     
   317.248518706557        63.9918618161691        27.6200605498658     
   317.334483335136        63.9245233291573        27.6703043448535     
   334.929786998720        51.5805898738946        35.9805095756123     
   335.122266325396        51.3269103620705        36.1315253272906     
   335.346063250906        51.0312088342042        36.3066101839752     
   352.538676751933        37.3961976622324        43.4524704978943     
   352.687197518386        37.2496178186929        43.5230178232310     
   7.26568804665661        37.2026016871935        46.4544640378430     
   7.36757631768123        37.3039623205252        46.5030774171890     
   24.5475148514982        50.8902904836677        53.6103085198730     
   42.3834901648529        63.7069355174890        62.1683482260515     
   42.7424800962793        63.9847443288144        62.3746053574174     
   59.6060710338966        65.4902743920373        61.4882874920556     
   60.1734529124878        65.3756502940886        61.1584635868428     
   60.3101109363117        65.3479936856520        61.0787116212860     
   61.8367549283359        65.0591217203290        60.2085478434695     
   90.3074023585124        62.5903374029153        44.7755608539730     
   92.6569230362588        62.6292591415046        43.0592850899218     
   119.815744022185        65.3734715792817        28.8478274934598     
   120.012128256007        65.4136503612939        28.7328163724119     
   137.275212272358        63.9708895741895        27.6357287815315     
   137.435103176026        63.8463328981792        27.7284518279628     
   155.070088370477        51.3957349740746        36.0906283200743     
   155.237905551364        51.1742217933276        36.2220590191880     
   155.477797758462        50.8567425797921        36.4094365514783     
   172.538676752706        37.3961976614758        43.4524704982599     
   172.687197518386        37.2496178186929        43.5230178232310     
   187.265688046269        37.2026016868062        46.4544640376577     
   187.367576318416        37.3039623212516        46.5030774175383     
   204.547514851498        50.8902904836676        53.6103085198731     
   222.383490160346        63.7069355140498        62.1683482235123     
   222.742480096477        63.9847443289700        62.3746053575336     
   239.606071049817        65.4902743889358        61.4882874829710     
   240.173452912370        65.3756502941125        61.1584635869114     
   240.310110937029        65.3479936855078        61.0787116208684     
   241.836754949040        65.0591217166324        60.2085478319027     
   270.307402358512        62.5903374029153        44.7755608539729     
   272.656923036259        62.6292591415046        43.0592850899219     
   299.815744022185        65.3734715792817        28.8478274934598     
   300.012128256007        65.4136503612939        28.7328163724120     
   317.275212272358        63.9708895741896        27.6357287815315     
   317.435103176026        63.8463328981792        27.7284518279628     
   335.070088370477        51.3957349740746        36.0906283200742     
   335.237905551364        51.1742217933276        36.2220590191880     
   335.477797758462        50.8567425797922        36.4094365514783     
   352.578346844832        37.3573698186983        43.4712449914802     
   21.8269454716072        131.876675522981        37.9716236856607     
   22.5573544561904        131.008514878442        37.4841819387098     
   27.1152387572217        126.600088797557        34.8742351358999     
   28.8516030610588        124.691892261023        33.6689588523770     
   50.8117443785503        114.226186321831        26.7365689624571     
   50.8128795959949        114.226300925663        26.7370917807036     
   50.8160312345242        114.226876458731        26.7388438722070     
   90.3591441825742        62.5905298061356        44.7377827239620     
   90.4829113288371        62.5911112429675        44.6474156474565     
   90.7749337180232        62.5931607756526        44.4341891005771     
   91.2761495936726        62.5988990281282        44.0681655301946     
   119.755528189357        65.3612598903965        28.8829931099156     
   119.869687065373        65.3844951409081        28.8162320456773     
   137.189243981506        64.0386135555829        27.5850748604386     
   137.233387113689        64.0037887183161        27.6111369268567     
   137.936172928778        63.4657911098286        28.0089294951455     
   155.130239642284        51.3163894683592        36.1377721912645     
   172.270780848182        37.6547759768776        43.3269190391094     
   172.547563930480        37.3875335362448        43.4566715273299     
   172.578346844801        37.3573698187293        43.4712449914653     
   201.826945471607        131.876675522981        37.9716236856607     
   202.557354454359        131.008514880589        37.4841819399253     
   207.115238761572        126.600088792767        34.8742351329316     
   208.851603061059        124.691892261024        33.6689588523771     
   230.811744378543        114.226186321833        26.7365689624568     
   230.812879595998        114.226300925664        26.7370917807059     
   230.816031234527        114.226876458729        26.7388438722062     
   270.359144182639        62.5905298061358        44.7377827239145     
   270.482911329613        62.5911112429717        44.6474156468899     
   270.774933718450        62.5931607756563        44.4341891002655     
   271.276149593673        62.5988990281282        44.0681655301946     
   299.755528189357        65.3612598903964        28.8829931099156     
   299.869687065373        65.3844951409081        28.8162320456774     
   317.189243981506        64.0386135555828        27.5850748604387     
   317.233387113689        64.0037887183161        27.6111369268567     
   317.936172928778        63.4657911098287        28.0089294951456     
   335.130239642284        51.3163894683592        36.1377721912646     
   352.270780848182        37.6547759768776        43.3269190391094     
   352.547563930480        37.3875335362448        43.4566715273299     
   352.616242242259        37.3199803012993        43.4892296961271     
   352.658443391110        37.2782302489380        43.5093060250453     
   352.687140868683        37.2497287440230        43.5229887908190     
   352.751335609940        37.1856711834713        43.5536844433655     
   7.89340811727303        37.8098468856598        46.7489384548666     
   42.7292494743894        63.9743585332406        62.3668494606331     
   60.2669249272160        65.3566986639584        61.1038793788788     
   60.8533460127671        65.2412162679890        60.7649194759693     
   89.6740615435724        62.5904028956653        45.2379728300462     
   90.1673145071418        62.5899664119434        44.8778417009289     
   90.5597154904263        62.5915580208912        44.5913369234359     
   90.9573634480169        62.5949244103072        44.3009744466840     
   119.742599136423        65.3586409093403        28.8905421418586     
   119.852229006898        65.3809197071659        28.8264659744122     
   137.200856607596        64.0294236701419        27.5919622794883     
   137.235836135321        64.0018496163583        27.6125909459807     
   137.464935498763        63.8232851611800        27.7455502216864     
   154.956169509883        51.5458519860667        36.0012336097823     
   155.473816524939        50.8620198656939        36.4063313936598     
   172.499307975684        37.4346659506589        43.4338819053212     
   172.616242242392        37.3199803011688        43.4892296961900     
   172.658443391110        37.2782302489380        43.5093060250453     
   172.687140868600        37.2497287441054        43.5229887907795     
   172.751335610287        37.1856711831244        43.5536844435315     
   187.893408117273        37.8098468856599        46.7489384548666     
   222.729249474005        63.9743585329388        62.3668494604077     
   240.266924927777        65.3566986638451        61.1038793785513     
   240.853346015376        65.2412162674877        60.7649194744741     
   269.674061542753        62.5904028956683        45.2379728306447     
   270.167314508528        62.5899664119460        44.8778416999168     
   270.559715490908        62.5915580208942        44.5913369230841     
   270.957363448017        62.5949244103073        44.3009744466840     
   299.742599136423        65.3586409093404        28.8905421418586     
   299.852229006898        65.3809197071659        28.8264659744122     
   317.200856607596        64.0294236701419        27.5919622794883     
   317.235836135321        64.0018496163583        27.6125909459807     
   317.464935498763        63.8232851611799        27.7455502216865     
   334.956169509883        51.5458519860667        36.0012336097824     
   335.473816524939        50.8620198656939        36.4063313936598     
   352.499307975684        37.4346659506588        43.4338819053212     
   352.644439412428        37.2920873422796        43.5026386875295     
   352.708558051353        37.2283583553851        43.5332178672115     
   7.19496801229914        37.1318277823353        46.4205489968902     
   7.43916809446193        37.3744979631758        46.5370487121808     
   24.8646613933106        51.3096607862738        53.8582332768507     
   42.7129774910117        63.9616122769739        62.3573398907694     
   60.1543845295138        65.3795422117912        61.1696267317684     
   60.3303911148351        65.3439216923884        61.0669102750552     
   88.4004709956269        62.6040923123079        46.1680354251648     
   89.9494789230411        62.5898244850886        45.0368859691912     
   90.4214948406690        62.5908013507591        44.6922583962599     
   90.8428510749958        62.5937739280556        44.3845951771733     
   119.734360045771        65.3569730816049        28.8953517767204     
   119.841304106937        65.3786843731803        28.8328682652005     
   137.218433555067        64.0155471752497        27.6023506799597     
   137.253121516028        63.9882428854005        27.6227650173732     
   137.536973540611        63.7678258290348        27.7866381455088     
   155.008320941733        51.4771536872517        36.0421761930896     
   155.291407710874        51.1035029615254        36.2638985660671     
   172.451015132792        37.4816062250720        43.4111453569035     
   172.644439412615        37.2920873420941        43.5026386876186     
   172.708558051353        37.2283583553851        43.5332178672116     
   187.194968010972        37.1318277810065        46.4205489962527     
   187.439168095759        37.3744979644487        46.5370487127950     
   204.864661393311        51.3096607862738        53.8582332768507     
   222.712977490741        63.9616122767615        62.3573398906109     
   240.154384529895        65.3795422117136        61.1696267315456     
   240.330391115083        65.3439216923386        61.0669102749107     
   268.400470981467        62.6040923125610        46.1680354355084     
   269.949478925084        62.5898244850875        45.0368859677000     
   270.421494841107        62.5908013507611        44.6922583959402     
   270.842851074996        62.5937739280556        44.3845951771733     
   299.734360045771        65.3569730816048        28.8953517767204     
   299.841304106937        65.3786843731803        28.8328682652005     
   317.218433555066        64.0155471752498        27.6023506799597     
   317.253121516028        63.9882428854005        27.6227650173732     
   317.536973540611        63.7678258290348        27.7866381455088     
   335.008320941733        51.4771536872517        36.0421761930897     
   335.291407710874        51.1035029615255        36.2638985660671     
   352.451015132792        37.4816062250719        43.4111453569035     
   352.666499255309        37.2702045931314        43.5131457769008     
   352.741439537190        37.1954918496891        43.5489474523159     
   7.30717921724198        37.2440308832095        46.4742984649012     
   24.3022734658790        50.5647493110849        53.4192536083963     
   24.8054847222628        51.2315394655508        53.8118945742849     
   42.6815210907780        63.9370012676044        62.3389863338090     
   59.8521882950244        65.4412690202319        61.3463428721131     
   60.2097833125420        65.3682713140049        61.1372365817744     
   60.4230736869429        65.3253859093308        61.0130467410391     
   89.4394031780020        62.5915635298029        45.4093065882659     
   90.3175729151663        62.5903728633750        44.7681350719189     
   90.7413066636516        62.5928762606228        44.4587435052067     
   119.724159266485        65.3549110475834        28.9013032706548     
   119.834725718669        65.3773383734019        28.8367236946978     
   137.233927028712        64.0033332475784        27.6114888199344     
   137.277449611294        63.9691354956372        27.6370379859103     
   154.877267938392        51.6497115912398        35.9392305803711     
   155.068244811616        51.3981659131333        36.0891827948728     
   155.350387042954        51.0254874311738        36.3099878245044     
   172.412406561913        37.5189643749451        43.3930194152716     
   172.666499255504        37.2702045929375        43.5131457769939     
   172.741439537190        37.1954918496891        43.5489474523159     
   187.307179216974        37.2440308829422        46.4742984647731     
   204.302273472215        50.5647493195100        53.4192536133251     
   204.805484722263        51.2315394655508        53.8118945742849     
   222.681521090424        63.9370012673280        62.3389863336030     
   239.852188308016        65.4412690175974        61.3463428645512     
   240.209783312681        65.3682713139766        61.1372365816931     
   240.423073686518        65.3253859094155        61.0130467412858     
   269.439403182758        62.5915635297732        45.4093065847931     
   270.317572915776        62.5903728633772        44.7681350714741     
   270.741306663652        62.5928762606228        44.4587435052067     
   299.724159266485        65.3549110475834        28.9013032706548     
   299.834725718669        65.3773383734019        28.8367236946978     
   317.233927028712        64.0033332475785        27.6114888199343     
   317.277449611294        63.9691354956372        27.6370379859102     
   334.877267938392        51.6497115912397        35.9392305803711     
   335.068244811616        51.3981659131333        36.0891827948728     
   335.350387042954        51.0254874311738        36.3099878245044     
   352.412406561913        37.5189643749450        43.3930194152715     
   352.680460402549        37.2563242558811        43.5198031310974     
   352.774992818179        37.1618690787443        43.5650300927726     
   7.31711926676851        37.2539164773567        46.4790421714232     
   24.4734805319180        50.7921360592660        53.5525749438867     
   24.7226938078085        51.1221469886922        53.7471262116504     
   42.5863477337480        63.8629346069644        62.2838728607545     
   42.7572136159675        63.9963280449284        62.3832617910280     
   60.0666415821989        65.3974718099854        61.2209959567686     
   60.2173702139308        65.3667298910709        61.1328022423869     
   60.7322861648628        65.2645974034257        60.8344223674884     
   90.0520202028669        62.5898253426223        44.9620195028157     
   90.6343465364166        62.5920552359296        44.5368439439233     
   119.709452053465        65.3519427890826        28.9098787505038     
   119.833204190791        65.3770241447622        28.8376192491531     
   137.248892039276        63.9915531886131        27.6202968152842     
   137.320663345679        63.9353053188527        27.6622736715809     
   154.946091006661        51.5591235746209        35.9933176766987     
   155.186744369143        51.2418013876887        36.1820224820535     
   155.391457440384        50.9711250558820        36.3420618615033     
   172.494326010229        37.4395052694052        43.4315336703058     
   172.680460402729        37.2563242557029        43.5198031311830     
   172.774992818179        37.1618690787442        43.5650300927726     
   187.317119266590        37.2539164771796        46.4790421713383     
   204.473480532561        50.7921360601190        53.5525749443880     
   204.722693807809        51.1221469886922        53.7471262116504     
   222.586347732805        63.8629346062332        62.2838728602112     
   222.757213616162        63.9963280450813        62.3832617911422     
   240.066641582571        65.3974718099093        61.2209959565506     
   240.217370213774        65.3667298911028        61.1328022424787     
   240.732286171629        65.2645974021126        60.8344223635974     
   270.052020203891        62.5898253426229        44.9620195020676     
   270.634346536417        62.5920552359296        44.5368439439233     
   299.709452053465        65.3519427890827        28.9098787505038     
   299.833204190791        65.3770241447621        28.8376192491531     
   317.248892039276        63.9915531886131        27.6202968152843     
   317.320663345679        63.9353053188527        27.6622736715809     
   334.946091006661        51.5591235746209        35.9933176766987     
   335.186744369143        51.2418013876887        36.1820224820535     
   335.391457440384        50.9711250558820        36.3420618615033     
   352.494326010229        37.4395052694052        43.4315336703058     
   352.657362271932        37.2793221472155        43.5087902916916     
   352.681018228753        37.2558346592480        43.5200668441010     
   352.711946310703        37.2250333981890        43.5348352097032     
   352.798274562955        37.1387144383399        43.5762005892542     
   7.38633683468544        37.3225463945964        46.5119963125427     
   42.6891950241636        63.9430051984688        62.3434641081927     
   60.2281921040739        65.3645411930584        61.1264896340553     
   60.7243538786599        65.2661398820421        60.8389879816808     
   89.5524003939217        62.5909279249236        45.3268017221333     
   90.0201929921679        62.5898125214058        44.9852568864486     
   90.3599851011197        62.5905331798241        44.7371687438736     
   90.7961408593659        62.5933467003161        44.4187035560954     
   119.680031165338        65.3460255139437        28.9270099538817     
   119.847616667384        65.3799732754619        28.8291723760361     
   137.223436297927        64.0116065518805        27.6052976668658     
   138.061686992571        63.3725283623982        28.0771237051667     
   155.421347730999        50.9315421476686        36.3653944612659     
   172.472973236252        37.4603041638564        43.4214740506999     
   172.592291286986        37.3436031240093        43.4778588581060     
   172.633255476296        37.3031898111035        43.4973162761273     
   172.657362271979        37.2793221471696        43.5087902917137     
   172.681018228753        37.2558346592481        43.5200668441010     
   172.711946310630        37.2250333982621        43.5348352096682     
   172.798274563740        37.1387144375545        43.5762005896311     
   187.386336834685        37.3225463945964        46.5119963125427     
   222.689195022860        63.9430051974495        62.3434641074327     
   240.228192104615        65.3645411929487        61.1264896337393     
   240.724353880340        65.2661398817158        60.8389879807144     
   269.552400393167        62.5909279249274        45.3268017226843     
   270.020192993251        62.5898125214061        44.9852568856580     
   270.359985101495        62.5905331798256        44.7371687435997     
   270.796140859366        62.5933467003160        44.4187035560954     
   299.680031165338        65.3460255139436        28.9270099538817     
   299.847616667385        65.3799732754619        28.8291723760361     
   317.223436297927        64.0116065518805        27.6052976668658     
   318.061686992571        63.3725283623980        28.0771237051668     
   335.421347730999        50.9315421476686        36.3653944612660     
   352.472973236252        37.4603041638563        43.4214740506999     
   352.592291286986        37.3436031240093        43.4778588581060     
   352.633255476296        37.3031898111035        43.4973162761273     
   352.717459754041        37.2194881962999        43.5374724609105     
   352.849413785130        37.0874616412658        43.6007997864720     
   7.28374192686965        37.2206859055767        46.4631020158601     
   7.70763708151296        37.6341996389698        46.6630476143252     
   25.0249298539338        51.5209591638971        53.9839244602250     
   42.7449070133919        63.9866765198581        62.3760583165427     
   60.1765071444724        65.3750439596475        61.1566975915588     
   60.3729879581629        65.3353879192617        61.0421407150610     
   89.2583298090352        62.5928792688703        45.5415219402959     
   89.9167241870791        62.5898489326176        45.0608005649202     
   90.3136983678105        62.5903592183520        44.7709639786488     
   90.8347027391375        62.5936976458237        44.3905452317653     
   119.705745993269        65.3511990961072        28.9120342613273     
   119.843121176747        65.3790530080933        28.8318074762060     
   137.226623524885        64.0090891292602        27.6071829259476     
   137.348949856194        63.9132411865431        27.6787068349561     
   155.044749299571        51.4291427601169        36.0707567842497     
   155.786813039384        50.4461996586205        36.6500193527642     
   172.567652005161        37.3678098661186        43.4661805358237     
   172.667110340409        37.2696154780817        43.5134363818883     
   172.717459754144        37.2194881961972        43.5374724609596     
   172.849413785130        37.0874616412658        43.6007997864720     
   187.283741926675        37.2206859053827        46.4631020157670     
   187.707637089222        37.6341996463247        46.6630476179115     
   205.024929853934        51.5209591638971        53.9839244602250     
   222.744907013193        63.9866765197016        62.3760583164258     
   240.176507144807        65.3750439595792        61.1566975913629     
   240.372987958537        65.3353879191869        61.0421407148437     
   269.258329807524        62.5928792688829        45.5415219413993     
   269.916724188452        62.5898489326163        45.0608005639178     
   270.313698368239        62.5903592183535        44.7709639783358     
   270.834702739138        62.5936976458237        44.3905452317653     
   299.705745993269        65.3511990961072        28.9120342613273     
   299.843121176747        65.3790530080934        28.8318074762060     
   317.226623524885        64.0090891292603        27.6071829259476     
   317.348949856194        63.9132411865431        27.6787068349561     
   335.044749299571        51.4291427601169        36.0707567842496     
   335.786813039384        50.4461996586206        36.6500193527642     
   352.567652005161        37.3678098661186        43.4661805358237     
   352.667110340409        37.2696154780815        43.5134363818883     
   352.757680196147        37.1792559342175        43.5567269148703     
   7.26060603425421        37.1975550964938        46.4520325601887     
   7.36616015945262        37.3025767122505        46.5024044508979     
   24.6647043391611        51.0454554849291        53.7018019978791     
   25.0544388038166        51.5598211989101        54.0070984834153     
   42.7387019985790        63.9818007356261        62.3724154770382     
   60.1572550889121        65.3789660683974        61.1679590501032     
   60.3054915222195        65.3489313077737        61.0814126618379     
   87.6300929464294        62.6211860749506        46.7309232245493     
   89.8914117233586        62.5898760248041        45.0792814935511     
   90.2825350447026        62.5902555622536        44.7937170716351     
   90.9304508016139        62.5946408556901        44.3206272708897     
   119.714573243458        65.3529764447781        28.9068924549253     
   119.836695806215        65.3777390394376        28.8355722198438     
   137.235695531175        64.0019390277103        27.6125320206553     
   137.324210005024        63.9325391182696        27.6643336204675     
   154.980970745260        51.5131867706367        36.0207082116225     
   155.394033722734        50.9677139871002        36.3440732678060     
   172.551644776019        37.3835072927534        43.4586031930057     
   172.688755537355        37.2480886144992        43.5237606225101     
   172.757680196388        37.1792559339760        43.5567269149860     
   187.260606034254        37.1975550964939        46.4520325601888     
   187.366160158963        37.3025767117662        46.5024044506650     
   204.664704340723        51.0454554869958        53.7018019990997     
   205.054438803817        51.5598211989101        54.0070984834153     
   222.738701998431        63.9818007355096        62.3724154769511     
   240.157255089233        65.3789660683319        61.1679590499155     
   240.305491522456        65.3489313077260        61.0814126617000     
   267.630092883948        62.6211860766072        46.7309232702148     
   269.891411725116        62.5898760248020        45.0792814922684     
   270.282535045105        62.5902555622549        44.7937170713417     
   270.930450801614        62.5946408556900        44.3206272708897     
   299.714573243458        65.3529764447782        28.9068924549252     
   299.836695806215        65.3777390394376        28.8355722198437     
   317.235695531175        64.0019390277104        27.6125320206553     
   317.324210005024        63.9325391182695        27.6643336204676     
   334.980970745260        51.5131867706367        36.0207082116226     
   335.394033722734        50.9677139871002        36.3440732678060     
   352.551644776019        37.3835072927534        43.4586031930057     
   352.688755537355        37.2480886144992        43.5237606225101     
   352.799946478961        37.1368991870993        43.5770084389174     
   7.28998455361236        37.2268950722140        46.4660853092681     
   7.50800662299287        37.4417817642445        46.5695660313302     
   24.7619703334429        51.1740577946357        53.7778438867411     
   25.0526136106631        51.5574178709921        54.0056648285665     
   42.7207536749360        63.9677142623584        62.3618965187882     
   60.1009101849807        65.3904729836683        61.2009430892485     
   60.2491976121823        65.3602883704985        61.1142290850242     
   60.6840676540752        65.2739764954563        60.8621747003640     
   89.8301056950710        62.5899712648845        45.1240418475293     
   90.2545250751385        62.5901716420828        44.8141677528960     
   91.3156052563131        62.5994699830399        44.0393487336479     
   119.734510432588        65.3569982648612        28.8952708597909     
   119.846113127414        65.3796559887018        28.8300660581033     
   137.252298357122        63.9888751450793        27.6222980862423     
   137.354174644845        63.9091628434128        27.6817458036012     
   155.028274446089        51.4508583839016        36.0578329551031     
   155.301823602396        51.0897296175290        36.2720405733538     
   172.481324394322        37.4521666715218        43.4254071173536     
   172.697100730149        37.2397715785156        43.5277449515156     
   172.799946479742        37.1368991863168        43.5770084392927     
   187.289984553612        37.2268950722141        46.4660853092681     
   187.508006621328        37.4417817626233        46.5695660305456     
   204.761970334166        51.1740577955917        53.7778438873070     
   205.052613610663        51.5574178709921        54.0056648285665     
   222.720753674779        63.9677142622356        62.3618965186965     
   240.100910185695        65.3904729835222        61.2009430888300     
   240.249197612376        65.3602883704594        61.1142290849114     
   240.684067652294        65.2739764958034        60.8621747013899     
   269.830105697433        62.5899712648800        45.1240418458050     
   270.254525075521        62.5901716420838        44.8141677526171     
   271.315605256313        62.5994699830399        44.0393487336479     
   299.734510432588        65.3569982648612        28.8952708597909     
   299.846113127414        65.3796559887018        28.8300660581033     
   317.252298357122        63.9888751450793        27.6222980862423     
   317.354174644845        63.9091628434128        27.6817458036012     
   335.028274446089        51.4508583839017        36.0578329551031     
   335.301823602396        51.0897296175290        36.2720405733538     
   352.481324394322        37.4521666715217        43.4254071173536     
   352.697100730149        37.2397715785156        43.5277449515156     
   352.805051684883        37.1317596868701        43.5794620862738     
   7.31800175881358        37.2547980489961        46.4794633448565     
   7.65901320031708        37.5876850777104        46.6403905464111     
   24.6918680299857        51.0813869049924        53.7230287648431     
   25.0165915935597        51.5099756799965        53.9773780505266     
   42.6833778238484        63.9384549370420        62.3400708862049     
   42.8033379992871        64.0326455268978        62.4104161475309     
   60.1835065554445        65.3736134613976        61.1525968760433     
   60.4097739106195        65.3280378340976        61.0207683314643     
   89.6706328867672        62.5904154301640        45.2404761846870     
   90.2271081097672        62.5900979767306        44.8341854094238     
   118.635879345592        65.1449715001404        29.5258212711986     
   119.758217311291        65.3617901844284        28.8814419417780     
   119.930131215693        65.3968309343749        28.7808685513766     
   137.276981939557        63.9694922818702        27.6367753705260     
   137.426192711788        63.8532259772759        27.7233354766182     
   155.143003706410        51.2995450022984        36.1477710403505     
   155.316447911668        51.0703881568680        36.2834704194699     
   172.452057432349        37.4805890617311        43.4116356081513     
   172.682008955769        37.2547876391733        43.5205417578195     
   172.805051686178        37.1317596855728        43.5794620868961     
   187.318001758814        37.2547980489961        46.4794633448565     
   187.659013194898        37.5876850725149        46.6403905438820     
   204.691868030302        51.0813869054109        53.7230287650903     
   205.016591593560        51.5099756799965        53.9773780505265     
   222.683377823600        63.9384549368480        62.3400708860602     
   222.803337999809        64.0326455273091        62.4104161478384     
   240.183506555597        65.3736134613665        61.1525968759538     
   240.409773910138        65.3280378341935        61.0207683317436     
   269.670632890465        62.5904154301504        45.2404761819869     
   270.227108110128        62.5900979767315        44.8341854091606     
   298.635879345592        65.1449715001404        29.5258212711986     
   299.758217311291        65.3617901844284        28.8814419417780     
   299.930131215692        65.3968309343749        28.7808685513766     
   317.276981939557        63.9694922818702        27.6367753705260     
   317.426192711788        63.8532259772759        27.7233354766182     
   335.143003706410        51.2995450022984        36.1477710403505     
   335.316447911668        51.0703881568680        36.2834704194699     
   352.452057432349        37.4805890617310        43.4116356081513     
   352.682008955769        37.2547876391732        43.5205417578195     
