        1000
   4.35656586023615        80.4134334794474        5.51749232875005     
   14.7405066864107        75.2873418729827        10.1544570784912     
   31.2562998491122        68.6635525803064        14.1144816662525     
   37.0375444923737        68.9921921358768        16.5670185518846     
   40.4047804704621        70.6700555320171        18.6286669084928     
   43.4212116776037        72.6061649075925        20.4500992010078     
   47.1185837445899        74.7201004617551        21.9571484911341     
   53.9797596949589        77.0441365691247        21.9641771269679     
   73.3363303231341        80.4758328136214        14.8559165318539     
   84.9838894431225        84.8386085182583        9.88617862680400     
   90.9042832383460        87.3868404116504        8.02940746235399     
   95.5642787467219        88.5246679406885        6.63748479685631     
   101.145838161553        86.6721455350690        2.37103808112488     
   114.512344826745        79.2797072304669        351.987504663208     
   123.729108477792        83.5841502604505        356.835875673568     
   140.923884808208        105.141343016786        16.5978768943777     
   153.242665609066        101.677082106344        13.2719753497534     
   168.348297680580        89.2450954185456        4.55957641410842     
   174.284928488509        84.3286853407030        2.12755924100986     
   178.857609444307        82.5282379246929        3.00304818955618     
   184.356565874635        80.4134334729441        5.51749233601294     
   194.740506686411        75.2873418729827        10.1544570784912     
   211.256299829246        68.6635525840403        14.1144816602102     
   217.037544501232        68.9921921389697        16.5670185568405     
   220.404780470462        70.6700555320171        18.6286669084928     
   223.421211670563        72.6061649031040        20.4500991971847     
   227.118583754717        74.7201004667051        21.9571484937435     
   233.979759706980        77.0441365717850        21.9641771245497     
   253.336330302734        80.4758328079445        14.8559165406270     
   264.983889468144        84.8386085294490        9.88617861724913     
   270.904283243825        87.3868404137121        8.02940746098270     
   275.564278746722        88.5246679406885        6.63748479685634     
   281.145838161553        86.6721455350692        2.37103808112496     
   294.512344826745        79.2797072304667        351.987504663208     
   303.729108477792        83.5841502604507        356.835875673568     
   320.923884808208        105.141343016786        16.5978768943777     
   333.242665609066        101.677082106344        13.2719753497534     
   348.348297680580        89.2450954185459        4.55957641410873     
   354.284928488509        84.3286853407030        2.12755924100978     
   358.857609444307        82.5282379246929        3.00304818955613     
   9.09193913086418        67.1316883719624        5.18370213510448     
   24.9441836977399        64.6172899699192        10.2858669285185     
   32.2574390398040        64.9964706992288        13.1269586528113     
   35.8846027554097        66.6872542452865        15.2730312088461     
   38.5924900748755        68.5483995475801        17.1156703053060     
   41.1728542450508        70.4352013023993        18.8728052363244     
   43.9993026329470        72.3883289344375        20.5215729081160     
   47.6326120577969        74.2870638416063        21.7498612232350     
   54.8818088277933        75.7937901966587        20.7888912040507     
   77.4919068573203        77.1935905912339        10.5240102141950     
   92.5745712993529        77.9867435725942        1.06695689032290     
   112.234186226914        74.5033045726764        349.004766222519     
   131.575486533040        72.9443691617009        341.001441624985     
   137.041363030389        70.9129023171564        341.413460866398     
   140.743670890201        68.3866599011315        343.326751903873     
   143.668860305584        66.5425952917099        344.976706582247     
   147.220628082653        64.6473094331493        347.147466846180     
   154.111166307003        63.4304451827334        350.362336032708     
   168.971144208083        64.7931110704985        355.660456230993     
   179.173063977012        65.2184412002288        359.964007753988     
   189.091939157388        67.1316883716826        5.18370214855031     
   204.944183697740        64.6172899699193        10.2858669285185     
   212.257439029488        64.9964706961279        13.1269586474991     
   215.884602762007        66.6872542493677        15.2730312131850     
   218.592490074876        68.5483995475801        17.1156703053060     
   221.172854239106        70.4352012980259        18.8728052324618     
   223.999302639762        72.3883289387441        20.5215729115266     
   227.632612062821        74.2870638436261        21.7498612240304     
   234.881808814035        75.7937901956252        20.7888912086208     
   257.491906923238        77.1935905997053        10.5240101783301     
   272.574571314624        77.9867435709391        1.06695687981247     
   292.234186226914        74.5033045726763        349.004766222519     
   311.575486533040        72.9443691617009        341.001441624985     
   317.041363030389        70.9129023171564        341.413460866398     
   320.743670890201        68.3866599011314        343.326751903873     
   323.668860305584        66.5425952917099        344.976706582247     
   327.220628082653        64.6473094331493        347.147466846180     
   334.111166307003        63.4304451827334        350.362336032708     
   348.971144208083        64.7931110704985        355.660456230993     
   359.173063977012        65.2184412002288        359.964007753988     
   14.2204216779456        57.4431036121406        3.74257613257990     
   25.6920989669451        59.8997877023269        8.69468906452090     
   30.7225265140053        61.9839241719264        11.3825055044491     
   33.9651606818531        64.1039945834846        13.5137916582473     
   36.7097105783835        66.1753891314267        15.4729938239175     
   39.2405076584926        68.1509111402539        17.2326559408568     
   41.9310494169384        70.4212372019530        19.1857365431486     
   44.5711625502466        72.1838117120771        20.6113380870937     
   48.0037782150804        73.4802761349393        21.2433930183075     
   58.7119927873150        72.4042508508191        16.9142570326439     
   111.696118346595        69.7980597778962        349.421813388036     
   132.726214380691        71.9137476218945        340.512928962546     
   137.015164011506        70.4277058117840        341.112088091939     
   140.473216718506        67.5403722041165        343.368445622878     
   143.264464023413        65.2244862952679        345.278777507809     
   145.805699528099        63.6177619332470        346.761501779808     
   148.647681144425        61.8788931092538        348.566763031104     
   152.994644643586        59.5279725757081        351.134405382385     
   162.106210596736        56.8179547565580        355.361165142946     
   177.891704126121        56.2346854315425        359.680958247964     
   194.220421711068        57.4431036198252        3.74257614781931     
   205.692098966945        59.8997877023269        8.69468906452093     
   210.722526506045        61.9839241673515        11.3825054995555     
   213.965160688481        64.1039945883183        13.5137916628647     
   216.709710578383        66.1753891314267        15.4729938239176     
   219.240507652765        68.1509111355308        17.2326559367391     
   221.931049422874        70.4212372067100        19.1857365471002     
   224.571162553400        72.1838117138539        20.6113380884117     
   228.003778210054        73.4802761340251        21.2433930186242     
   238.711992882079        72.4042508328841        16.9142569843243     
   291.696118416152        69.7980597841993        349.421813355182     
   312.726214380691        71.9137476218945        340.512928962546     
   317.015164011506        70.4277058117840        341.112088091939     
   320.473216718506        67.5403722041165        343.368445622878     
   323.264464023413        65.2244862952679        345.278777507809     
   325.805699528099        63.6177619332470        346.761501779808     
   328.647681144425        61.8788931092538        348.566763031104     
   332.994644643586        59.5279725757081        351.134405382385     
   342.106210596736        56.8179547565580        355.361165142946     
   357.891704126121        56.2346854315425        359.680958247964     
   15.9873016961875        51.4534198371355        2.28494183485822     
   24.0807287491938        55.8431120250166        6.68179997497384     
   28.7986833144551        58.7057030572198        9.46666807750995     
   32.2727121804416        61.3575232693283        11.8694303810777     
   34.8714218403857        63.0572817401439        13.4758816702835     
   37.3255347418280        65.1414137734802        15.2416981636969     
   39.7292313351803        67.1218247085765        16.9117843991882     
   42.5031027529244        68.5330419586583        18.1154529734073     
   47.5074317693444        68.3812005276443        17.7861084775121     
   70.7238244693732        61.8771750784129        8.51435187175292     
   111.637002550448        60.1774046761724        352.753440907352     
   133.536084934405        63.9307116226088        345.523768016702     
   139.671320383778        64.2670071278661        345.098331530553     
   142.711109513302        63.0374438623752        346.200646000868     
   145.094240079890        61.2172046865216        347.728671057631     
   147.524907593634        59.7502614028355        349.059870959869     
   150.361824441838        58.8148549681945        350.248730814653     
   154.461263008601        56.2270016147963        352.744787949202     
   161.146340026686        52.7032672107507        356.230664082839     
   176.822064759950        51.0251285640190        359.715143723341     
   195.987301718723        51.4534198474247        2.28494184443434     
   204.080728749194        55.8431120250166        6.68179997497384     
   208.798683305699        58.7057030511730        9.46666807186105     
   212.272712186813        61.3575232743221        11.8694303858785     
   214.871421840386        63.0572817401439        13.4758816702835     
   217.325534736312        65.1414137681649        15.2416981593482     
   219.729231340625        67.1218247122894        16.9117844023910     
   222.503102756585        68.5330419598390        18.1154529743578     
   227.507431760050        68.3812005300757        17.7861084802471     
   250.723824597160        61.8771750592852        8.51435182221394     
   291.637002588339        60.1774046784995        352.753440894259     
   313.536084934405        63.9307116226090        345.523768016702     
   319.671320383778        64.2670071278661        345.098331530553     
   322.711109513302        63.0374438623750        346.200646000868     
   325.094240079890        61.2172046865215        347.728671057631     
   327.524907593634        59.7502614028355        349.059870959869     
   330.361824441838        58.8148549681945        350.248730814653     
   334.461263008601        56.2270016147963        352.744787949202     
   341.146340026686        52.7032672107506        356.230664082839     
   356.822064759950        51.0251285640191        359.715143723341     
   16.4089830147430        47.2620514648786       0.850078224447628     
   23.3603201142657        50.8451323054856        4.29299661811760     
   27.4909570834577        55.3623136658231        7.87724813845460     
   30.9562809321309        55.8348717223195        8.65676222270034     
   33.5187270228892        56.8196101630069        9.64622810035124     
   35.8667556527733        57.3842699551340        10.3692057388158     
   39.3555235931474        56.7983305654358        10.2891798633896     
   46.3312867409029        54.8798292581210        8.85508333631242     
   58.8055083269826        52.8269443263804        6.82434528188401     
   81.7349404437667        50.6876450714785        2.82374061299714     
   108.703272391223        49.4235535221985        358.327926330172     
   125.426381190289        49.3381083298538        356.481571435041     
   134.293607865647        49.6113013704544        355.850220789526     
   139.739989153731        49.9627664875383        355.483442065532     
   143.704814371010        50.3233596272302        355.208665133544     
   146.799338024992        50.3494912842699        355.331774276263     
   150.302014378221        50.4953738643163        355.329970847667     
   153.984675800008        49.6184105336395        356.380127892920     
   159.864280779039        47.6108912764900        358.656216387283     
   176.055653064471        46.9379550581610        359.887744623065     
   196.408983041844        47.2620514675308       0.850078227809121     
   203.360320114266        50.8451323054855        4.29299661811754     
   207.490957074535        55.3623136582583        7.87724813228760     
   210.956280938797        55.8348717230804        8.65676222400057     
   213.518727022889        56.8196101630069        9.64622810035129     
   215.866755646921        57.3842699550919        10.3692057379829     
   219.355523605154        56.7983305616403        10.2891798610013     
   226.331286750891        54.8798292559359        8.85508333452773     
   238.805508308094        52.8269443287906        6.82434528494514     
   261.734940537250        50.6876450650886        2.82374059603185     
   288.703272416339        49.4235535216022        358.327926326693     
   305.426381190289        49.3381083298539        356.481571435041     
   314.293607865646        49.6113013704543        355.850220789526     
   319.739989153731        49.9627664875383        355.483442065532     
   323.704814371010        50.3233596272303        355.208665133544     
   326.799338024992        50.3494912842698        355.331774276263     
   330.302014378221        50.4953738643163        355.329970847667     
   333.984675800008        49.6184105336395        356.380127892920     
   339.864280779039        47.6108912764901        358.656216387282     
   356.055653064471        46.9379550581610        359.887744623065     
   12.5120461731523        78.5946272671059        13.7955294403970     
   31.2840099690603        69.5331923608014        15.5041947280450     
   36.8162989496859        69.3188109731541        17.2093982685470     
   39.9938092650322        70.7852517046392        19.0676016928224     
   42.7271759826661        72.5878114172153        20.9342726990948     
   45.4255201073586        74.4364976126961        22.6901738368782     
   48.4539472469432        76.3472959277197        24.4165925865173     
   52.8086617547506        78.5009730559651        25.9199110760674     
   61.9794780219621        81.2078819767553        25.9638532249004     
   80.2620099082114        86.0428157011044        23.7610600927577     
   92.1952872461362        90.3504499836431        25.7302927793552     
   105.618103305361        94.6624097515673        26.0888108992892     
   121.878234106711        99.0045795729235        27.2147580081907     
   128.908564719283        101.815085536374        25.8916856459552     
   132.643625349395        103.854627575975        24.1900930386619     
   135.741736664543        105.574949293475        22.4210398818953     
   139.393833186572        107.628828221790        20.0109344603198     
   144.335242441007        108.200622325781        17.9826611770274     
   161.118087032657        100.508819778026        15.9727009422695     
   178.072653706744        88.5876891553151        12.5051439143526     
   192.512046214776        78.5946272426417        13.7955294467764     
   211.284009969060        69.5331923608014        15.5041947280450     
   216.816298941374        69.3188109707860        17.2093982644587     
   219.993809271332        70.7852517084284        19.0676016969481     
   222.727175982666        72.5878114172153        20.9342726990948     
   225.425520101095        74.4364976085031        22.6901738329578     
   228.453947254576        76.3472959321617        24.4165925902595     
   232.808661761124        78.5009730585721        25.9199110773552     
   241.979478005879        81.2078819730791        25.9638532268109     
   260.262009956214        86.0428157213673        23.7610600955651     
   272.195287258223        90.3504499862695        25.7302927807332     
   285.618103305362        94.6624097515674        26.0888108992893     
   301.878234106711        99.0045795729235        27.2147580081907     
   308.908564719283        101.815085536374        25.8916856459552     
   312.643625349394        103.854627575975        24.1900930386619     
   315.741736664543        105.574949293475        22.4210398818953     
   319.393833186572        107.628828221790        20.0109344603198     
   324.335242441007        108.200622325781        17.9826611770274     
   341.118087032657        100.508819778026        15.9727009422695     
   358.072653706744        88.5876891553151        12.5051439143525     
   22.9696666777066        67.8347976988358        11.9662437279943     
   31.9431182313082        65.9455203901336        13.8338618530932     
   35.5977172561531        67.0388067946968        15.6421592551341     
   38.2534568014045        68.7141173324708        17.4134532990371     
   40.8602621493608        70.6384613768746        19.2821480080752     
   43.5329397179040        72.6386593552419        21.1576263941300     
   46.3124221298060        74.5642816495986        22.8961913694438     
   49.4596852697114        76.3667978587889        24.3347292325348     
   54.6177161101810        78.1416461351630        24.8570837618038     
   69.9212123248833        79.8886009498197        20.5475378957604     
   86.0330028492546        83.2771520952507        15.1221240672707     
   94.7160372243330        85.5513868132522        12.2913406829483     
   102.418868240329        84.8589734500663        7.75898924529861     
   113.596802074694        80.2497914317883       0.414411443027774     
   129.999114420654        98.2776452859300        19.8062258633886     
   138.646019294075        100.858738990369        20.0679925127036     
   151.443552629439        98.5531206613344        16.1480323055011     
   167.681906895012        85.5384801730325        8.30476197289528     
   176.089021845479        79.2112925595085        6.56796506613404     
   185.318360805049        74.8964774047964        8.71875789959290     
   202.969666711991        67.8347976866036        11.9662437323066     
   211.943118231308        65.9455203901336        13.8338618530932     
   215.597717249694        67.0388067913433        15.6421592511888     
   218.253456807160        68.7141173365325        17.4134533030906     
   220.860262149361        70.6384613768746        19.2821480080752     
   223.532939711861        72.6386593508295        21.1576263900549     
   226.312422136135        74.5642816536976        22.8961913730265     
   229.459685273835        76.3667978607885        24.3347292338691     
   234.617716101750        78.1416461332571        24.8570837625331     
   249.921212407122        79.8886009588315        20.5475378676470     
   266.033002861163        83.2771520987064        15.1221240635269     
   274.716037224333        85.5513868132522        12.2913406829482     
   282.418868240329        84.8589734500660        7.75898924529827     
   293.596802074694        80.2497914317884       0.414411443027859     
   309.999114420654        98.2776452859300        19.8062258633889     
   318.646019294075        100.858738990369        20.0679925127036     
   331.443552629439        98.5531206613345        16.1480323055012     
   347.681906895012        85.5384801730324        8.30476197289519     
   356.089021845479        79.2112925595090        6.56796506613449     
   5.31836080504854        74.8964774047964        8.71875789959296     
   24.5260691261504        61.5518080102476        9.28764509969844     
   30.3471482023354        62.6136045246007        11.7178614594262     
   33.5396267861313        64.2841124964572        13.6321931768309     
   36.3783813119992        66.3278950477399        15.6326393548983     
   39.0858620164573        68.5376425026354        17.6882481263964     
   41.7718602833379        70.7542051084463        19.6810002091550     
   44.4233778903055        72.7716553918044        21.4697556769325     
   46.9961329336633        74.4043333425750        22.8191151152652     
   49.9143653234873        75.5094763278771        23.3605686994397     
   57.2681349360475        75.0190950735462        20.4442384939700     
   94.3154834191679        70.1178067631512       0.160319767397624     
   131.083104747447        70.7547771376351        342.588279753449     
   137.779587661039        68.3382258433730        343.225077606615     
   142.026744523102        64.2311507860197        346.175974100098     
   145.253376606211        61.8189805153772        348.114935735091     
   148.328856503851        60.9896343993750        349.146734512377     
   151.658941073388        59.9527029309291        350.729190131331     
   159.989110584257        58.1001403860435        354.521198872133     
   175.516062851558        58.7558644061936        359.388712624391     
   189.540866702562        61.5783589232517        4.31251825845001     
   204.526069145562        61.5518080111467        9.28764510634807     
   210.347148202335        62.6136045246007        11.7178614594262     
   213.539626779562        64.2841124922587        13.6321931724835     
   216.378381318123        66.3278950525511        15.6326393594253     
   219.085862016457        68.5376425026354        17.6882481263964     
   221.771860277263        70.7542051035021        19.6810002049006     
   224.423377896133        72.7716553959303        21.4697556805185     
   226.996132936445        74.4043333440975        22.8191151164121     
   229.914365319363        75.5094763270674        23.3605686996953     
   237.268134989635        75.0190950636207        20.4442384653370     
   274.315483469515        70.1178067581602       0.160319738677885     
   311.083104747447        70.7547771376350        342.588279753449     
   317.779587661039        68.3382258433730        343.225077606615     
   322.026744523102        64.2311507860196        346.175974100098     
   325.253376606211        61.8189805153772        348.114935735091     
   328.328856503851        60.9896343993749        349.146734512377     
   331.658941073388        59.9527029309291        350.729190131331     
   339.989110584257        58.1001403860435        354.521198872133     
   355.516062851559        58.7558644061937        359.388712624391     
   9.54086670256160        61.5783589232516        4.31251825844998     
   22.9023059942343        56.3494152760423        6.59669729879536     
   27.9702634431832        58.7739115672086        9.30025246215209     
   31.6093267859511        61.1761315473046        11.6469364294262     
   34.6672887684391        63.7320102240255        13.9238581869321     
   37.3155966098916        66.0000931942229        15.9196506324107     
   39.9624646344092        68.4492568525539        18.0156402460022     
   42.4127041777402        70.3829498898942        19.6946332653677     
   45.0550183593930        71.5627438788566        20.6406513712236     
   49.4379403946181        71.4215048780719        20.0838642798376     
   72.7059710787677        63.3770499938241        9.70468890488348     
   113.234545942946        58.0727998993554        354.634033623226     
   132.596918499931        57.9725092271137        350.253783186145     
   140.610192725734        58.2998756134404        349.386572417117     
   144.196744099414        57.1870479503776        350.363222091456     
   146.677049889796        55.7483673018076        351.635064219515     
   149.624380607013        55.4022219425742        352.187774771523     
   153.359425468749        55.7881259963690        352.566998029918     
   158.600969891768        53.7056314253671        355.112020851699     
   170.680904444613        51.1281002238398        359.155108095962     
   191.832518816280        51.8884348686522        1.43165879828589     
   202.902306008177        56.3494152819624        6.59669730568706     
   207.970263443183        58.7739115672086        9.30025246215212     
   211.609326778704        61.1761315417898        11.6469364243369     
   214.667288774907        63.7320102298367        13.9238581919844     
   217.315596609892        66.0000931942228        15.9196506324107     
   219.962464628693        68.4492568473692        18.0156402415376     
   222.412704183195        70.3829498933665        19.6946332681304     
   225.055018362801        71.5627438797527        20.6406513718017     
   229.437940386863        71.4215048801382        20.0838642825694     
   252.705971219841        63.3770499616012        9.70468884619081     
   293.234545976718        58.0727998976637        354.634033613460     
   312.596918499931        57.9725092271136        350.253783186145     
   320.610192725734        58.2998756134406        349.386572417117     
   324.196744099414        57.1870479503776        350.363222091456     
   326.677049889796        55.7483673018077        351.635064219515     
   329.624380607013        55.4022219425743        352.187774771523     
   333.359425468749        55.7881259963690        352.566998029918     
   338.600969891767        53.7056314253672        355.112020851699     
   350.680904444613        51.1281002238397        359.155108095962     
   11.8325188162802        51.8884348686522        1.43165879828587     
   21.3260749978618        50.4422177580683        3.57114133086529     
   26.2903787110280        54.6778071418267        7.23049288002227     
   30.1423277485247        57.8567937915111        9.87605389564283     
   33.0523355640980        59.5949642157842        11.4409387328802     
   35.3813340839665        61.4842600733241        13.0503969758605     
   37.5734535630671        62.4473076066928        14.0840319168581     
   40.6035576602159        62.4095051322079        14.5202905750021     
   48.3889505107533        59.2666704542000        12.5365196641158     
   65.9038422791508        54.4810939302466        8.64233656181170     
   93.6152707950048        49.2726669833817        3.60134943005278     
   115.698566660545        45.9074394697389        1.54094630433244     
   126.944193905332        44.3527139603573        1.73779053543095     
   133.023513556619        43.4115753933404        2.34091166465873     
   136.890314788958        42.6442832551980        3.03753197873013     
   139.774031698323        41.9129754479242        3.79735607654385     
   143.053848943508        41.7994636645122        3.82168086973388     
   149.514504133212        44.7263073672183       0.587227349089147     
   156.864384046103        47.1427260951083        358.736973310225     
   168.892441358042        46.9206151715976        359.649456259849     
   191.351002378700        47.0947049262581       0.490703981334860     
   201.326075006003        50.4422177730192        3.57114134398429     
   206.290378711028        54.6778071418267        7.23049288002230     
   210.142327741022        57.8567937851724        9.87605389059260     
   213.052335569698        59.5949642195981        11.4409387362557     
   215.381334083966        61.4842600733241        13.0503969758605     
   217.573453557731        62.4473076055032        14.0840319151135     
   220.603557669201        62.4095051303514        14.5202905748215     
   228.388950524271        59.2666704490961        12.5365196603677     
   245.903842252840        54.4810939359823        8.64233656717843     
   273.615270888543        49.2726669677507        3.60134941634257     
   295.698566677963        45.9074394673178        1.54094630386976     
   306.944193905331        44.3527139603573        1.73779053543095     
   313.023513556619        43.4115753933406        2.34091166465856     
   316.890314788958        42.6442832551980        3.03753197873016     
   319.774031698323        41.9129754479242        3.79735607654393     
   323.053848943508        41.7994636645122        3.82168086973388     
   329.514504133212        44.7263073672182       0.587227349089289     
   336.864384046103        47.1427260951083        358.736973310225     
   348.892441358042        46.9206151715976        359.649456259849     
   11.3510023787005        47.0947049262581       0.490703981334860     
   30.2675886149310        71.7816797518411        17.9600868998673     
   36.6117580985107        69.7710085346851        17.9960273586220     
   39.4783322450107        70.7670308643611        19.3744928374763     
   42.0508404625123        72.4789034745469        21.2024095837669     
   44.8130934786855        74.5432161601231        23.3278215176109     
   47.5739304847257        76.3449216570402        25.1350815084106     
   50.8376480023628        78.3879679178161        27.1071075994948     
   54.8706426156423        80.5215050225350        29.0896136938743     
   61.6387051095103        83.2075113659157        31.0799233536638     
   77.1583378605498        88.0489977082856        33.9197026866830     
   95.4624089918100        90.6415124239341        34.4340034109754     
   113.204079593833        94.6224033250925        33.1463527173198     
   122.592212499478        98.0024364788531        30.6185233838126     
   127.302173984076        100.279252680905        28.4921529490717     
   130.491131320466        101.915677957418        27.0143048980930     
   133.332163823737        103.464434421365        25.4455578602434     
   136.382567619989        105.556751528852        23.1454320674036     
   139.865858290895        107.895395389960        20.4733290153741     
   144.150374657396        108.389178932010        19.1175666655095     
   168.335896271619        96.3682561702190        21.4004542436540     
   210.267588643927        71.7816797363585        17.9600868951781     
   216.611758098511        69.7710085346851        17.9960273586220     
   219.478332239302        70.7670308612118        19.3744928339349     
   222.050840468810        72.4789034794954        21.2024095888701     
   224.813093478685        74.5432161601231        23.3278215176109     
   227.573930478366        76.3449216531275        25.1350815045442     
   230.837648010387        78.3879679225029        27.1071076040175     
   234.870642620710        80.5215050249563        29.0896136960232     
   241.638705098499        83.2075113621676        31.0799233513775     
   257.158337931369        88.0489977292149        33.9197027015934     
   275.462409011748        90.6415124263288        34.4340034121094     
   293.204079593833        94.6224033250925        33.1463527173199     
   302.592212499477        98.0024364788531        30.6185233838126     
   307.302173984076        100.279252680905        28.4921529490718     
   310.491131320466        101.915677957418        27.0143048980930     
   313.332163823737        103.464434421365        25.4455578602434     
   316.382567619989        105.556751528852        23.1454320674037     
   319.865858290895        107.895395389960        20.4733290153741     
   324.150374657396        108.389178932010        19.1175666655095     
   348.335896271619        96.3682561702190        21.4004542436539     
   32.1829577861778        68.0335153387230        15.7074067149590     
   35.5603666715071        67.7469424079868        16.3975966657662     
   37.8885880643568        68.8801242778017        17.7504547961203     
   40.3618028575463        70.6185498185896        19.5246978275565     
   43.0501091674540        72.6922837215733        21.5848952247932     
   45.8944029542656        74.8261892550975        23.6530200678132     
   49.0066192484273        76.9298438289867        25.6721870448649     
   52.5066055678518        78.8989032799057        27.4278092959615     
   57.1819904622588        80.8527604694944        28.7614842488631     
   68.4403255765225        83.9074649199230        29.2048079252664     
   87.4145298085068        89.3091694252127        31.0696077767161     
   105.289525107357        92.3742775533616        33.0518364431413     
   119.390428173525        96.6121513503292        31.4735401868773     
   125.208740391713        98.8093822716066        30.0037770737344     
   128.578576681437        99.7624517278055        29.4700302302919     
   132.072782561204        101.206207157245        27.9954220005176     
   135.896222462646        103.703230271953        24.9643245590170     
   140.895116950624        106.777639857864        20.9846951147341     
   151.470013143424        103.775741939896        20.3863482532699     
   193.519135999877        78.6467622592822        18.4635702798140     
   212.182957797344        68.0335153344041        15.7074067148950     
   215.560366671507        67.7469424079868        16.3975966657662     
   217.888588059086        68.8801242744909        17.7504547925876     
   220.361802863260        70.6185498228961        19.5246978318391     
   223.050109167454        72.6922837215733        21.5848952247932     
   225.894402947653        74.8261892503224        23.6530200631657     
   229.006619255696        76.9298438335311        25.6721870491263     
   232.506605572052        78.8989032820051        27.4278092976972     
   237.181990455017        80.8527604670165        28.7614842476949     
   248.440325636060        83.9074649348808        29.2048079249041     
   267.414529826759        89.3091694284788        31.0696077788706     
   285.289525107357        92.3742775533616        33.0518364431413     
   299.390428173525        96.6121513503293        31.4735401868773     
   305.208740391713        98.8093822716066        30.0037770737344     
   308.578576681437        99.7624517278055        29.4700302302919     
   312.072782561204        101.206207157245        27.9954220005178     
   315.896222462646        103.703230271953        24.9643245590170     
   320.895116950624        106.777639857864        20.9846951147341     
   331.470013143424        103.775741939896        20.3863482532699     
   13.5191359998769        78.6467622592822        18.4635702798140     
   30.9398438955850        64.6557002830190        13.2715822885398     
   33.5176436752595        65.0861636761905        14.2887822843593     
   36.0642642727309        66.5387750848606        15.8943770727340     
   38.6949177625511        68.5723962272365        17.8635587765373     
   41.4302485432582        70.8699365980998        20.0247294564995     
   44.2563227214049        73.1716909695011        22.1901732158207     
   47.1408016532122        75.2637922864417        24.1329300464855     
   50.0563906261494        76.9657542362380        25.5714907568428     
   52.9607306058075        78.0555277571881        26.1193585753984     
   59.1731504009640        78.3308970637265        24.2687926188740     
   82.2577518247923        76.6958371200655        12.8490976920556     
   104.494270653910        72.0626311392698        358.736827265849     
   127.456640736183        68.9198776328102        349.456081923156     
   123.573811686192        93.6081035111978        29.6191183595314     
   130.401316709099        83.3814832180443        22.4957400186331     
   146.040050755719        61.8828647683250        358.517780706776     
   142.830902615222        100.065379297936        23.3613488775089     
   159.296890160802        95.9539494333600        19.8931119710280     
   181.514003960537        80.4528819353385        14.7020473921787     
   203.970682184161        67.4280421654590        13.0918600001992     
   210.939843902447        64.6557002823005        13.2715822901117     
   213.517643675260        65.0861636761905        14.2887822843593     
   216.064264266990        66.5387750808542        15.8943770686929     
   218.694917768511        68.5723962321535        17.8635587811883     
   221.430248543258        70.8699365980998        20.0247294564995     
   224.256322715048        73.1716909645487        22.1901732111627     
   227.140801659667        75.2637922907241        24.1329300503602     
   230.056390629392        76.9657542378395        25.5714907580322     
   232.960730602198        78.0555277563435        26.1193585754888     
   239.173150440970        78.3308970614407        24.2687926014986     
   262.257751849027        76.6958371175701        12.8490976776673     
   284.494270653910        72.0626311392697        358.736827265849     
   307.456640736183        68.9198776328102        349.456081923156     
   303.573811686192        93.6081035111977        29.6191183595315     
   310.401316709099        83.3814832180440        22.4957400186328     
   326.040050755719        61.8828647683249        358.517780706776     
   322.830902615222        100.065379297936        23.3613488775090     
   339.296890160802        95.9539494333599        19.8931119710279     
   1.51400396053714        80.4528819353384        14.7020473921786     
   23.9706821841605        67.4280421654590        13.0918600001993     
   28.0542160681795        60.4301968134501        10.2425310391610     
   31.3281021550745        61.7274531220188        11.9503996072640     
   34.2288443831565        63.7433193300404        13.9352408757991     
   37.0347787221924        66.2113122095346        16.1473141371581     
   39.8199654787012        68.7982993304835        18.4494771411615     
   42.6039189494108        71.2887033400210        20.6680410630496     
   45.0874265983617        73.0384575187606        22.2255617786723     
   47.7940014371187        74.2228475098591        23.1143838761424     
   51.5988845089841        74.0559755794195        22.3234929340024     
   72.2489462524101        65.5450903656013        11.8572190196851     
   112.785259001391        55.8848368909631        357.503615162390     
   130.174596863302        52.1794637555062        355.554547602425     
   136.957211471708        49.3678263304928        357.127088344115     
   140.873228906368        47.2152910880041        358.955048882026     
   144.586302293842        46.6620356377665        359.528957401712     
   148.757590375281        47.6815303018466        358.656544528345     
   155.837634554644        51.8233383296473        355.800932214700     
   168.173102575098        53.4964018988172        358.716509740319     
   187.957748992394        58.8590758966228        3.30026139419570     
   203.213158455112        59.9754972527076        8.55208922665952     
   208.054216075789        60.4301968152310        10.2425310424491     
   211.328102155075        61.7274531220188        11.9503996072640     
   214.228844376887        63.7433193249619        13.9352408711131     
   217.034778728435        66.2113122153241        16.1473141422693     
   219.819965478701        68.7982993304835        18.4494771411615     
   222.603918943813        71.2887033355140        20.6680410589779     
   225.087426603979        73.0384575221001        22.2255617815337     
   227.794001440430        74.2228475107083        23.1143838765342     
   231.598884502894        74.0559755813158        22.3234929369033     
   252.248946404461        65.5450903178147        11.8572189527591     
   292.785259032735        55.8848368848106        357.503615155358     
   310.174596863303        52.1794637555063        355.554547602425     
   316.957211471708        49.3678263304928        357.127088344115     
   320.873228906368        47.2152910880041        358.955048882026     
   324.586302293842        46.6620356377665        359.528957401712     
   328.757590375281        47.6815303018467        358.656544528345     
   335.837634554644        51.8233383296473        355.800932214700     
   348.173102575098        53.4964018988172        358.716509740319     
   7.95774899239390        58.8590758966229        3.30026139419573     
   23.2131584551121        59.9754972527077        8.55208922665952     
   25.4948418209058        55.2389720910167        7.24383029074673     
   29.4614144089371        57.8167175063055        9.69991549969612     
   32.6264253022994        60.5433360997962        12.0097766728794     
   35.4026337248219        63.0781907908605        14.1322439592256     
   37.7765982182702        65.2908796681782        16.0106848793291     
   40.0297221155607        66.6106252558363        17.3264201594947     
   43.0624446976674        66.9455189132802        18.0414426071856     
   51.9604646781752        62.4559800877571        15.3317303659842     
   75.8143552070488        53.6325076404299        9.64121244082980     
   103.532455363250        45.0540136121787        6.58040947441995     
   118.222140957494        40.4208706063336        8.11279134575531     
   124.281674969771        37.6930598769630        10.9341682408048     
   126.643797373593        35.6266841222179        13.9101386856776     
   129.333299740970        35.1101449277932        14.0526467364284     
   134.521156069856        36.2297593669944        11.5784800855739     
   140.558810079329        37.4584809675341        9.31264402676251     
   151.394008204377        42.2617810427739        2.84985354313346     
   163.164539850218        46.2986423736847        359.674109014324     
   185.704595813795        47.9485352589667       0.375136374896840     
   199.411058274942        52.1492858520635        4.10811230880455     
   205.494841830837        55.2389720965310        7.24383029630727     
   209.461414408937        57.8167175063055        9.69991549969609     
   212.626425295579        60.5433360940430        12.0097766679546     
   215.402633730522        63.0781907964131        14.1322439638333     
   217.776598218270        65.2908796681783        16.0106848793291     
   220.029722110129        66.6106252536987        17.3264201570391     
   223.062444706644        66.9455189118295        18.0414426073460     
   231.960464696833        62.4559800783696        15.3317303596331     
   255.814355174054        53.6325076510145        9.64121244694988     
   283.532455435472        45.0540135903687        6.58040947396555     
   298.222140967727        40.4208706026770        8.11279134848863     
   304.281674969771        37.6930598769630        10.9341682408048     
   306.643797373593        35.6266841222179        13.9101386856776     
   309.333299740970        35.1101449277931        14.0526467364284     
   314.521156069856        36.2297593669943        11.5784800855741     
   320.558810079329        37.4584809675342        9.31264402676243     
   331.394008204377        42.2617810427739        2.84985354313349     
   343.164539850218        46.2986423736847        359.674109014324     
   5.70459581379464        47.9485352589667       0.375136374896840     
   19.4110582749422        52.1492858520635        4.10811230880449     
   21.3626260206428        80.2666387497681        28.0211661983148     
   37.3034344366792        73.5744352517060        22.9459285291582     
   41.5707126554985        73.7686637513355        23.1989304860374     
   44.3184592421497        75.0806217203166        24.5297982411671     
   46.9498840955169        76.8575712401793        26.4334142096168     
   49.7700661568850        78.5655846655717        28.2516216508520     
   53.0156617156872        80.2547119006257        29.9361519637710     
   57.6279935489879        82.6339828029644        32.5107100238273     
   64.2031144052349        85.3133214854568        35.3971928634637     
   76.5753257828401        88.9936154850815        39.4220635029005     
   98.8284766622080        90.5609603339274        39.4418622968792     
   113.586085997033        93.7225414412784        36.7227219924245     
   120.855171496261        96.5039661845052        33.5820871942853     
   125.410705138757        98.5464274964476        31.5763882113384     
   128.564593855229        99.4082452013223        30.9112726620245     
   131.345458457180        100.824895159083        29.3476344934688     
   134.167537648815        102.149800633513        27.9520507724476     
   137.871783242492        102.937446945623        27.2095862857122     
   146.570372458385        100.830325232879        29.0117731529070     
   169.343138170621        93.2254859705633        30.9750224131573     
   201.362626077829        80.2666387269566        28.0211661864114     
   217.303434436679        73.5744352517059        22.9459285291581     
   221.570712648579        73.7686637490452        23.1989304837109     
   224.318459247820        75.0806217237141        24.5297982446628     
   226.949884095517        76.8575712401793        26.4334142096168     
   229.770066150387        78.5655846621856        28.2516216474104     
   233.015661724658        80.2547119057884        29.9361519693937     
   237.627993554921        82.6339828057076        32.5107100267684     
   244.203114396108        85.3133214821283        35.3971928597877     
   256.575325847282        88.9936154933068        39.4220635063578     
   278.828476687982        90.5609603355409        39.4418622975821     
   293.586085997033        93.7225414412784        36.7227219924246     
   300.855171496261        96.5039661845051        33.5820871942853     
   305.410705138757        98.5464274964476        31.5763882113384     
   308.564593855229        99.4082452013223        30.9112726620244     
   311.345458457180        100.824895159083        29.3476344934689     
   314.167537648815        102.149800633513        27.9520507724476     
   317.871783242492        102.937446945623        27.2095862857121     
   326.570372458385        100.830325232879        29.0117731529069     
   349.343138170621        93.2254859705633        30.9750224131573     
   31.0755717277791        72.4979296360786        20.9946845604077     
   37.2767347521184        70.5217140193458        19.6547360052728     
   40.1361800462177        71.2501524519070        20.5197545765229     
   42.5754441109407        72.8088454896042        22.1036770176312     
   45.3309197987118        74.9739670375299        24.3445650057428     
   48.2344739119545        76.9975820712417        26.4438772671097     
   51.7008036656704        79.2546927640166        28.8067867226128     
   55.8856298888436        81.5061778136463        31.1099612564651     
   61.4992389534965        83.8667426588276        33.3525279346148     
   72.2260035872802        87.4672114406161        36.8285325763954     
   93.3281877983143        90.1866704446523        38.8056671425384     
   111.419854538791        92.9671579196454        37.6192259491328     
   119.186163707028        95.4692434751328        35.2104376510869     
   123.643429329259        96.0745702463697        35.2885954041001     
   127.065275721735        96.2172549749290        35.4741105358341     
   130.007363389248        97.2275975546522        34.3416914756688     
   133.678768067421        98.1387596978417        33.3420699941144     
   140.116766198254        97.7962884293373        33.3797134727389     
   153.254538040486        95.6639975619465        33.2101042874865     
   181.818622009141        86.2198340555425        29.7566279521500     
   211.075571753648        72.4979296231731        20.9946845502072     
   217.276734752118        70.5217140193459        19.6547360052729     
   220.136180040745        71.2501524493097        20.5197545738271     
   222.575444116543        72.8088454938387        22.1036770219174     
   225.330919798712        74.9739670375299        24.3445650057427     
   228.234473905221        76.9975820669017        26.4438772626112     
   231.700803674054        79.2546927690581        28.8067867278984     
   235.885629894080        81.5061778161553        31.1099612589470     
   241.499238945927        83.8667426559931        33.3525279320009     
   252.226003643094        87.4672114582771        36.8285325951330     
   273.328187823115        90.1866704464238        38.8056671436389     
   291.419854538791        92.9671579196454        37.6192259491328     
   299.186163707028        95.4692434751327        35.2104376510869     
   303.643429329259        96.0745702463697        35.2885954041001     
   307.065275721735        96.2172549749290        35.4741105358341     
   310.007363389248        97.2275975546523        34.3416914756688     
   313.678768067421        98.1387596978417        33.3420699941143     
   320.116766198254        97.7962884293373        33.3797134727389     
   333.254538040486        95.6639975619464        33.2101042874866     
   1.81862200914119        86.2198340555425        29.7566279521500     
   32.8436945535846        68.1291216626457        16.9419269649490     
   36.0779528165001        67.8725182154843        17.2270500712173     
   38.5448009691307        69.0318385947654        18.5024282389205     
   40.9551479141911        70.8277281501237        20.2636804920053     
   43.8354805314519        73.2745120396307        22.6863956350657     
   46.8842497477159        75.6934976637412        25.1072602839639     
   50.1147467006885        77.9089604901572        27.3315458751681     
   53.5961185719268        79.7938431700226        29.0587319637738     
   57.5705119030169        81.2952427200149        30.0148274702007     
   64.2979169082024        82.9067719791882        30.1172758741970     
   83.7335194455737        88.4127030732941        31.9723871952380     
   106.875409499861        91.7314952840544        37.0394805481854     
   118.013850895999        92.5351548534456        39.6328189832547     
   122.908131802039        90.2243556476272        43.4424916975009     
   126.397033024482        89.8409740571005        44.0218942887207     
   130.728886245231        90.5013263663273        43.1193592266155     
   136.143588828001        92.0450907251731        40.7276690509729     
   144.793226793714        93.2007128801037        37.8031410265966     
   163.845461817294        90.5759766729106        33.1830873597245     
   200.201350888575        75.4199293213756        22.3142639508761     
   212.843694562717        68.1291216590503        16.9419269633004     
   216.077952816500        67.8725182154843        17.2270500712173     
   218.544800963879        69.0318385913945        18.5024282355273     
   220.955147919920        70.8277281548513        20.2636804966165     
   223.835480531452        73.2745120396307        22.6863956350657     
   226.884249740721        75.6934976585086        25.1072602786579     
   230.114746708086        77.9089604947368        27.3315458796534     
   233.596118576008        79.7938431719122        29.0587319653193     
   237.570511898179        81.2952427185734        30.0148274696797     
   244.297916949931        82.9067719882794        30.1172758735386     
   263.733519468656        88.4127030781065        31.9723872015010     
   286.875409499861        91.7314952840545        37.0394805481854     
   298.013850895999        92.5351548534455        39.6328189832547     
   302.908131802039        90.2243556476271        43.4424916975010     
   306.397033024482        89.8409740571004        44.0218942887207     
   310.728886245231        90.5013263663274        43.1193592266155     
   316.143588828001        92.0450907251730        40.7276690509730     
   324.793226793714        93.2007128801037        37.8031410265966     
   343.845461817295        90.5759766729107        33.1830873597246     
   20.2013508885745        75.4199293213756        22.3142639508762     
   31.7305009628375        64.3797163980054        13.9446247094885     
   34.3846581902517        64.9440586687932        14.9256823665610     
   36.8821470921460        66.5772299383974        16.5609123644846     
   39.5047276662860        68.8803269433906        18.6862713048111     
   42.4267883738786        71.5832515838775        21.2013216528537     
   45.3010120102442        73.9944308399721        23.5020148505834     
   48.0444487783838        75.8037913208335        25.1790081241483     
   50.9406606566645        77.0011321005529        26.0306053963204     
   54.2030811507052        76.8458946562965        25.0631312142159     
   64.0721587343761        71.3140336435053        17.7874847469842     
   105.640887704013        55.9737968738960        2.42762405976535     
   123.686187961996        46.8442378995989        3.62525174638378     
   128.130279388194        40.1823957133894        12.7662905913734     
   129.215388683508        41.4972399991985        18.3111204519383     
   125.455040578202        55.4764584774771        35.7378112782661     
   129.278647144988        77.7020276398397        49.1205341526095     
   140.771259312517        85.8962032106464        44.7110049784158     
   156.942778182060        88.8494152089711        35.9021640329341     
   190.200843642997        78.2770956144907        22.9950533933771     
   208.419288911922        66.2418088628673        14.6205636564330     
   211.730500968771        64.3797163973647        13.9446247103949     
   214.384658190252        64.9440586687932        14.9256823665609     
   216.882147086619        66.5772299340330        16.5609123603751     
   219.504727672564        68.8803269492481        18.6862713101903     
   222.426788373879        71.5832515838775        21.2013216528536     
   225.301012004174        73.9944308353977        23.5020148462181     
   228.044448784599        75.8037913242909        25.1790081271581     
   230.940660660013        77.0011321013675        26.0306053965416     
   234.203081146485        76.8458946578935        25.0631312170670     
   244.072158849147        71.3140335897029        17.7874846837469     
   285.640887738187        55.9737968609846        2.42762405365204     
   303.686187961996        46.8442378995988        3.62525174638398     
   308.130279388194        40.1823957133894        12.7662905913733     
   309.215388683508        41.4972399991985        18.3111204519383     
   305.455040578202        55.4764584774770        35.7378112782661     
   309.278647144988        77.7020276398396        49.1205341526096     
   320.771259312517        85.8962032106465        44.7110049784158     
   336.942778182060        88.8494152089712        35.9021640329339     
   10.2008436429971        78.2770956144905        22.9950533933770     
   28.4192889119218        66.2418088628673        14.6205636564330     
   29.7067062762384        59.9247718493798        10.9415878675903     
   32.5567582243265        61.4159541176567        12.5796639290671     
   35.2419498398089        63.7007393303374        14.6005781645422     
   38.0046716571591        66.4971053282500        16.9794914601366     
   40.5258906762359        68.8118974915522        19.0563902563271     
   42.9929828718257        70.3079210559866        20.5665235869934     
   46.2508482670052        70.5780981990976        21.1991096871859     
   57.1368751944210        64.1188094557367        17.4662422230131     
   86.5679658704973        49.3469702520567        12.1692219823971     
   107.413369848650        38.3623731908462        14.8638716454915     
   111.466995654367        32.8846082454482        23.1054892572401     
   113.157020142242        31.2143452863319        25.6103677841196     
   118.564204980543        31.5396030864166        22.9835045470583     
   126.070642835069        33.0192269124406        18.3118348452979     
   132.951380256562        34.4077768994248        14.6375533843297     
   139.495818662306        35.3573201710385        11.7487055298644     
   152.290628310252        38.6129939265216        6.29483091353652     
   181.326157529417        51.3033111659143        1.14554772382999     
   202.107292884533        60.9080283627557        9.63523798667299     
   206.626735019467        59.8311271819084        10.0332287942188     
   209.706706282528        59.9247718513026        10.9415878704524     
   212.556758224327        61.4159541176567        12.5796639290672     
   215.241949833864        63.7007393246744        14.6005781597498     
   218.004671663454        66.4971053348428        16.9794914657549     
   220.525890676236        68.8118974915522        19.0563902563271     
   222.992982865951        70.3079210536484        20.5665235843603     
   226.250848276718        70.5780981969151        21.1991096866794     
   237.136875220409        64.1188094405055        17.4662422143937     
   266.567965836935        49.3469702686647        12.1692219842167     
   287.413369885699        38.3623731667792        14.8638716656278     
   291.466995653596        32.8846082408561        23.1054892674100     
   293.157020142242        31.2143452863319        25.6103677841195     
   298.564204980542        31.5396030864165        22.9835045470585     
   306.070642835068        33.0192269124405        18.3118348452980     
   312.951380256562        34.4077768994248        14.6375533843297     
   319.495818662306        35.3573201710384        11.7487055298646     
   332.290628310252        38.6129939265215        6.29483091353660     
   1.32615752941726        51.3033111659143        1.14554772382999     
   22.1072928845334        60.9080283627558        9.63523798667305     
   26.6267350194666        59.8311271819084        10.0332287942189     
   13.6340785443612        86.7011063563414        39.0606926749411     
   31.2254294190250        84.0915541642521        37.0469996702854     
   40.7641105035589        82.5518341541731        35.2010592726822     
   46.2864732123988        81.4007535748999        33.5543832299690     
   49.3642139659130        81.5433742939625        33.3024944300659     
   52.0394924657787        82.3938977448389        34.1189498689946     
   55.2135209027428        83.0408733010102        34.6395444713315     
   59.7101083637556        84.3346488819536        35.9761063091146     
   65.9409774775719        88.0280227552977        41.1027363076041     
   77.9321114345249        89.6826457652400        43.1167280948848     
   100.778162732778        90.2491465828359        43.1481823492985     
   113.811670397117        91.3612194993141        42.1038311443829     
   119.875433160581        92.7104648006732        40.6881360002365     
   123.767635363345        93.0444392629558        40.4552961193470     
   127.078932600273        93.1053410925384        40.5015197591415     
   130.477064838682        93.0243690526452        40.6904827885293     
   134.610021381872        92.8353662921682        40.9489079271374     
   140.569855956581        92.5787323449169        41.1692275647308     
   150.667450951919        92.0286861751814        41.2499167175948     
   169.084796850850        90.2422883402396        40.7258737006937     
   193.634078592143        86.7011063490455        39.0606926707099     
   211.225429419025        84.0915541642522        37.0469996702855     
   220.764110487971        82.5518341572679        35.2010592767040     
   226.286473220572        81.4007535744465        33.5543832283606     
   229.364213965913        81.5433742939625        33.3024944300659     
   232.039492459376        82.3938977425205        34.1189498664824     
   235.213520910502        83.0408733013795        34.6395444707764     
   239.710108370239        84.3346488848162        35.9761063128111     
   245.940977469363        88.0280227517826        41.1027363028734     
   257.932111496991        89.6826457676335        43.1167280964158     
   280.778162754918        90.2491465835439        43.1481823489710     
   293.811670397117        91.3612194993141        42.1038311443828     
   299.875433160581        92.7104648006732        40.6881360002365     
   303.767635363345        93.0444392629558        40.4552961193470     
   307.078932600273        93.1053410925384        40.5015197591415     
   310.477064838682        93.0243690526452        40.6904827885293     
   314.610021381872        92.8353662921682        40.9489079271374     
   320.569855956581        92.5787323449170        41.1692275647307     
   330.667450951919        92.0286861751814        41.2499167175948     
   349.084796850850        90.2422883402395        40.7258737006938     
   17.0852645666988        83.2135257003498        36.2990514093539     
   34.1221044000178        79.3781321163084        31.5847360314953     
   42.1397215738674        77.0248234760933        28.2718084353394     
   45.5052372340946        77.3445281135434        28.0894175686099     
   48.0120714890872        78.3316347776531        28.9089903411974     
   50.7675483435440        79.9318795954764        30.6685073988585     
   54.1653234691387        81.4465454479941        32.3037444411124     
   58.9583861989025        83.8576027901879        35.2529917288175     
   65.6843988805418        86.6749768572767        38.8563099614538     
   76.5209233004800        89.5508324841505        42.8416260443614     
   99.4060991128634        90.1837855002251        43.1908487491493     
   113.196495804431        90.7581195649060        43.1156110374601     
   119.597172688557        89.3495028862795        45.6443868214715     
   123.738023121545        86.7173021425071        49.3177161871014     
   127.052120335603        86.5346372316591        49.4390536380309     
   130.486188726149        87.0698034209034        48.5774552159111     
   134.762458548405        87.6258364309161        47.6426149754777     
   141.031234152624        88.1267714360767        46.5613144718712     
   151.834062869815        88.4191198436998        44.9003247745829     
   171.722961776106        87.2498328711497        41.5181054349424     
   197.085264614140        83.2135256910041        36.2990513985015     
   214.122104400018        79.3781321163084        31.5847360314953     
   222.139721564044        77.0248234767521        28.2718084376097     
   225.505237240120        77.3445281151585        28.0894175695209     
   228.012071489087        78.3316347776530        28.9089903411973     
   230.767548336911        79.9318795920451        30.6685073951094     
   234.165323478620        81.4465454521105        32.3037444456722     
   238.958386205110        83.8576027930085        35.2529917322761     
   245.684398872461        86.6749768503108        38.8563099524929     
   256.520923358963        89.5508324876572        42.8416260486480     
   279.406099136314        90.1837855008625        43.1908487489922     
   293.196495804431        90.7581195649060        43.1156110374601     
   299.597172688557        89.3495028862795        45.6443868214715     
   303.738023121545        86.7173021425071        49.3177161871014     
   307.052120335603        86.5346372316591        49.4390536380308     
   310.486188726149        87.0698034209034        48.5774552159111     
   314.762458548405        87.6258364309161        47.6426149754777     
   321.031234152624        88.1267714360767        46.5613144718712     
   331.834062869815        88.4191198436998        44.9003247745831     
   351.722961776107        87.2498328711498        41.5181054349425     
   22.0593001346442        78.7160285869008        31.6968348728134     
   37.0910740856741        73.3416728746787        24.3737560261771     
   41.3865374146466        73.3064814737087        23.6537536896570     
   44.0317397320352        74.4964014623955        24.5964356827277     
   46.5273438418799        76.1800805943804        26.2687528379853     
   49.5911866672988        78.3777011397120        28.6799238914197     
   53.1965673803208        80.5865297490641        31.1705416558393     
   57.4776271399327        82.7583343560746        33.5169868461649     
   63.3460986195004        85.0321525652239        35.8007987496898     
   73.2677542666191        88.5214167117395        40.0011046012651     
   97.3893263972649        90.1091042722652        42.8728610726685     
   112.845413380059        89.3888627452411        45.7719215273017     
   119.516119548741        84.9562499657945        52.0482065555086     
   124.413712028311        83.4364216098003        54.1377257150137     
   127.902273534483        82.0808235201424        55.7344102946635     
   130.649671072112        81.1992089107929        56.5225458770734     
   134.118150109814        81.6445485230290        55.2591729812328     
   140.697250878073        83.4023471301075        52.2519640892913     
   152.598438282952        84.7499991919145        48.3407718092087     
   175.132620827777        83.9411295327180        41.1552802273521     
   202.059300182011        78.7160285740638        31.6968348544364     
   217.091074085674        73.3416728746786        24.3737560261770     
   221.386537407912        73.3064814717765        23.6537536885781     
   224.031739737446        74.4964014655751        24.5964356856145     
   226.527343841880        76.1800805943804        26.2687528379853     
   229.591186659834        78.3777011347612        28.6799238859182     
   233.196567388912        80.5865297540328        31.1705416613925     
   237.477627145310        82.7583343584619        33.5169868486375     
   243.346098611403        85.0321525624130        35.8007987468669     
   253.267754312735        88.5214167236299        40.0011046195871     
   277.389326425493        90.1091042729255        42.8728610747267     
   292.845413380059        89.3888627452411        45.7719215273018     
   299.516119548741        84.9562499657944        52.0482065555087     
   304.413712028311        83.4364216098004        54.1377257150137     
   307.902273534483        82.0808235201425        55.7344102946634     
   310.649671072112        81.1992089107929        56.5225458770733     
   314.118150109815        81.6445485230291        55.2591729812327     
   320.697250878073        83.4023471301076        52.2519640892912     
   332.598438282951        84.7499991919145        48.3407718092088     
   355.132620827777        83.9411295327179        41.1552802273523     
   29.3599795005714        71.6764944322389        23.4016923507054     
   36.8328340334515        69.4904379069010        20.0104431524458     
   39.8906044222005        70.4335599723563        20.6247339426589     
   42.4215954166968        72.1743608877897        22.1789540439849     
   45.2567781837941        74.5670687490851        24.5477097756842     
   48.3222094662123        76.9458076265438        27.0450165897246     
   51.4653962677627        78.8738358316128        28.9949754204357     
   54.8176779016705        80.2411662401728        30.0427377160186     
   58.1531492519199        80.5710092087368        29.4558365280020     
   62.2058854624356        79.5857187650107        27.0367883251741     
   89.9218809319919        88.4580108676951        37.6290999779922     
   115.022593340383        84.4413951700941        53.8565843196314     
   121.725185025446        82.5816440017084        55.9169605224821     
   125.473689073227        81.3339697275334        56.9505960014670     
   128.914166412956        79.6851821040898        58.8129900204605     
   132.065669098954        77.7213464964302        61.0417286657617     
   135.153704396449        76.5893568525470        61.7483451925526     
   140.016937202105        77.6320675922389        59.0100485010860     
   153.681781083250        80.7541194750516        51.4736250690537     
   181.125415720572        79.6146664108771        38.2551440497099     
   209.359979541987        71.6764944125276        23.4016923234773     
   216.832834033452        69.4904379069010        20.0104431524458     
   219.890604416397        70.4335599691866        20.6247339400387     
   222.421595422378        72.1743608923135        22.1789540482241     
   225.256778183794        74.5670687490851        24.5477097756842     
   228.322209459412        76.9458076217843        27.0450165847332     
   231.465396274981        78.8738358353778        28.9949754239755     
   234.817677905471        80.2411662412387        30.0427377164305     
   238.153149248434        80.5710092092031        29.4558365298189     
   242.205885484335        79.5857187613827        27.0367883160407     
   269.921880981720        88.4580108767551        37.6291000098762     
   295.022593340382        84.4413951700941        53.8565843196314     
   301.725185025446        82.5816440017084        55.9169605224821     
   305.473689073227        81.3339697275334        56.9505960014670     
   308.914166412956        79.6851821040898        58.8129900204604     
   312.065669098954        77.7213464964302        61.0417286657617     
   315.153704396449        76.5893568525470        61.7483451925527     
   320.016937202105        77.6320675922390        59.0100485010859     
   333.681781083250        80.7541194750516        51.4736250690536     
   1.12541572057117        79.6146664108769        38.2551440497101     
   31.5747598097156        65.6261639401341        16.9181758703738     
   35.4365585291041        65.8396961227089        16.7779183051836     
   38.1513784005432        67.5309235613804        18.1524797440727     
   40.8418206733794        69.9134150338626        20.2375990757585     
   43.7521197741709        72.4052843835514        22.6596198840089     
   46.4685093719582        73.9425631388300        24.3197053115471     
   49.9941316327530        74.1410520820951        24.8833932300518     
   62.6186265860377        64.8612369096551        20.4120634994580     
   91.8582157165174        41.9028834344938        20.9620733113111     
   95.5329075290039        31.1315303730237        35.8782229708982     
   97.1344957037496        29.4297753893467        38.7357300747046     
   107.794126535165        30.1773669907579        32.0820024632647     
   111.997671771399        31.1427290382610        31.1964114492764     
   107.919524100855        38.6826446273177        50.8663088165082     
   126.810727394539        68.6031872588308        63.6775141052899     
   132.864868763806        73.8815852265746        63.5719503151095     
   136.688463383126        72.6306865751978        65.5448232102812     
   141.685230864820        71.9906127676893        64.5489591450432     
   158.451915150948        76.0291602296242        51.8736820672578     
   194.286035571220        72.2465119243245        28.2354900534157     
   211.574759821351        65.6261639371493        16.9181758660653     
   215.436558529104        65.8396961227089        16.7779183051836     
   218.151378394895        67.5309235569226        18.1524797403341     
   220.841820681131        69.9134150412769        20.2375990826334     
   223.752119774171        72.4052843835513        22.6596198840090     
   226.468509365428        73.9425631363271        24.3197053086335     
   229.994131642934        74.1410520790302        24.8833932287100     
   242.618626618701        64.8612368856322        20.4120634911492     
   271.858215694474        41.9028834549923        20.9620733021737     
   275.532907518911        31.1315303603145        35.8782230046772     
   277.134495711861        29.4297753890067        38.7357300708080     
   287.794126535165        30.1773669907578        32.0820024632647     
   291.997671771398        31.1427290382609        31.1964114492765     
   287.919524100854        38.6826446273175        50.8663088165079     
   306.810727394539        68.6031872588311        63.6775141052899     
   312.864868763806        73.8815852265746        63.5719503151095     
   316.688463383126        72.6306865751978        65.5448232102812     
   321.685230864820        71.9906127676893        64.5489591450433     
   338.451915150948        76.0291602296242        51.8736820672577     
   14.2860355712201        72.2465119243243        28.2354900534154     
